TN:
SF:C:/HeadStart/OC-Headstart.RyanLauer/src/UI/seller/src/polyfills.ts
FN:70,(anonymous_0)
FN:71,(anonymous_1)
FN:79,remove
FNF:3
FNH:2
FNDA:1,(anonymous_0)
FNDA:3,(anonymous_1)
FNDA:0,remove
DA:51,1
DA:70,1
DA:71,1
DA:72,3
DA:73,3
DA:75,0
DA:80,0
DA:81,0
LF:8
LH:5
BRDA:72,0,0,3
BRDA:72,0,1,0
BRDA:80,1,0,0
BRDA:80,1,1,0
BRF:4
BRH:1
end_of_record
TN:
SF:C:/HeadStart/OC-Headstart.RyanLauer/src/UI/seller/src/test.ts
FNF:0
FNH:0
DA:13,1
DA:18,1
DA:20,1
LF:3
LH:3
BRF:0
BRH:0
end_of_record
TN:
SF:C:/HeadStart/OC-Headstart.RyanLauer/src/UI/seller/src/app/auth/auth-routing.module.ts
FNF:0
FNH:0
DA:10,1
DA:20,1
LF:2
LH:2
BRF:0
BRH:0
end_of_record
TN:
SF:C:/HeadStart/OC-Headstart.RyanLauer/src/UI/seller/src/app/auth/auth.module.ts
FNF:0
FNH:0
DA:21,1
LF:1
LH:1
BRF:0
BRH:0
end_of_record
TN:
SF:C:/HeadStart/OC-Headstart.RyanLauer/src/UI/seller/src/app/auth/containers/forgot-password/forgot-password.component.ts
FN:24,(anonymous_0)
FN:32,(anonymous_1)
FN:36,(anonymous_2)
FN:44,(anonymous_3)
FN:48,(anonymous_4)
FNF:5
FNH:4
FNDA:3,(anonymous_0)
FNDA:4,(anonymous_1)
FNDA:1,(anonymous_2)
FNDA:1,(anonymous_3)
FNDA:0,(anonymous_4)
DA:21,1
DA:25,3
DA:26,3
DA:27,3
DA:28,3
DA:29,3
DA:33,4
DA:37,1
DA:45,1
DA:46,1
DA:49,0
LF:11
LH:10
BRF:0
BRH:0
end_of_record
TN:
SF:C:/HeadStart/OC-Headstart.RyanLauer/src/UI/seller/src/app/auth/containers/login/login.component.ts
FN:21,(anonymous_0)
FN:29,(anonymous_1)
FN:37,(anonymous_2)
FNF:3
FNH:3
FNDA:2,(anonymous_0)
FNDA:3,(anonymous_1)
FNDA:1,(anonymous_2)
DA:17,1
DA:22,2
DA:23,2
DA:24,2
DA:25,2
DA:26,2
DA:30,3
DA:38,1
DA:39,1
DA:45,0
DA:47,1
LF:11
LH:10
BRF:0
BRH:0
end_of_record
TN:
SF:C:/HeadStart/OC-Headstart.RyanLauer/src/UI/seller/src/app/auth/containers/reset-password/reset-password.component.ts
FN:37,(anonymous_0)
FN:100,(anonymous_1)
FN:46,(anonymous_2)
FN:59,(anonymous_3)
FN:66,(anonymous_4)
FN:77,(anonymous_5)
FN:81,(anonymous_6)
FNF:7
FNH:3
FNDA:3,(anonymous_0)
FNDA:7,(anonymous_1)
FNDA:4,(anonymous_2)
FNDA:0,(anonymous_3)
FNDA:0,(anonymous_4)
FNDA:0,(anonymous_5)
FNDA:0,(anonymous_6)
DA:32,1
DA:38,3
DA:39,3
DA:40,3
DA:41,3
DA:42,3
DA:43,3
DA:47,4
DA:60,0
DA:61,0
DA:67,0
DA:68,0
DA:71,0
DA:75,0
DA:76,0
DA:78,0
DA:79,0
DA:82,0
DA:100,3
DA:101,7
LF:20
LH:10
BRDA:67,0,0,0
BRDA:67,0,1,0
BRF:2
BRH:0
end_of_record
TN:
SF:C:/HeadStart/OC-Headstart.RyanLauer/src/UI/seller/src/app/auth/interceptors/auto-append-token/auto-append-token.interceptor.ts
FN:23,(anonymous_0)
FN:27,(anonymous_1)
FNF:2
FNH:2
FNDA:3,(anonymous_0)
FNDA:2,(anonymous_1)
DA:22,1
DA:24,3
DA:25,3
DA:31,2
DA:32,1
DA:38,2
LF:6
LH:6
BRDA:31,0,0,1
BRDA:31,0,1,1
BRF:2
BRH:2
end_of_record
TN:
SF:C:/HeadStart/OC-Headstart.RyanLauer/src/UI/seller/src/app/auth/interceptors/cache/cache-interceptor.ts
FN:23,(anonymous_0)
FN:24,(anonymous_1)
FNF:2
FNH:2
FNDA:13,(anonymous_0)
FNDA:6,(anonymous_1)
DA:22,1
DA:28,6
DA:29,6
DA:30,1
DA:38,6
LF:5
LH:5
BRDA:29,0,0,1
BRDA:29,0,1,5
BRDA:29,1,0,6
BRDA:29,1,1,5
BRF:4
BRH:4
end_of_record
TN:
SF:C:/HeadStart/OC-Headstart.RyanLauer/src/UI/seller/src/app/auth/interceptors/refresh-token/refresh-token.interceptor.ts
FN:21,(anonymous_0)
FN:22,(anonymous_1)
FN:27,(anonymous_2)
FN:42,(anonymous_3)
FN:43,(anonymous_4)
FN:53,(anonymous_5)
FN:66,(anonymous_6)
FNF:7
FNH:5
FNDA:5,(anonymous_0)
FNDA:4,(anonymous_1)
FNDA:4,(anonymous_2)
FNDA:0,(anonymous_3)
FNDA:0,(anonymous_4)
FNDA:2,(anonymous_5)
FNDA:4,(anonymous_6)
DA:20,1
DA:21,5
DA:26,4
DA:29,4
DA:30,2
DA:33,2
DA:34,0
DA:39,2
DA:40,2
DA:41,0
DA:42,0
DA:44,0
DA:47,0
DA:52,2
DA:54,2
DA:57,2
DA:67,4
LF:17
LH:12
BRDA:29,0,0,2
BRDA:29,0,1,2
BRDA:33,1,0,0
BRDA:33,1,1,2
BRDA:40,2,0,0
BRDA:40,2,1,2
BRDA:40,3,0,2
BRDA:40,3,1,2
BRDA:68,4,0,4
BRDA:68,4,1,4
BRDA:68,4,2,3
BRF:11
BRH:9
end_of_record
TN:
SF:C:/HeadStart/OC-Headstart.RyanLauer/src/UI/seller/src/app/auth/services/app-auth.service.ts
FN:38,(anonymous_0)
FN:49,(anonymous_1)
FN:52,(anonymous_2)
FN:57,(anonymous_3)
FN:61,(anonymous_4)
FN:66,(anonymous_5)
FN:72,(anonymous_6)
FN:86,(anonymous_7)
FN:91,(anonymous_8)
FN:97,(anonymous_9)
FN:102,(anonymous_10)
FN:107,(anonymous_11)
FN:115,(anonymous_12)
FN:121,(anonymous_13)
FN:122,(anonymous_14)
FN:123,(anonymous_15)
FN:131,(anonymous_16)
FN:135,(anonymous_17)
FN:144,(anonymous_18)
FN:148,(anonymous_19)
FNF:20
FNH:11
FNDA:14,(anonymous_0)
FNDA:5,(anonymous_1)
FNDA:3,(anonymous_2)
FNDA:2,(anonymous_3)
FNDA:0,(anonymous_4)
FNDA:3,(anonymous_5)
FNDA:0,(anonymous_6)
FNDA:0,(anonymous_7)
FNDA:0,(anonymous_8)
FNDA:0,(anonymous_9)
FNDA:0,(anonymous_10)
FNDA:2,(anonymous_11)
FNDA:1,(anonymous_12)
FNDA:0,(anonymous_13)
FNDA:0,(anonymous_14)
FNDA:0,(anonymous_15)
FNDA:3,(anonymous_16)
FNDA:9,(anonymous_17)
FNDA:1,(anonymous_18)
FNDA:1,(anonymous_19)
DA:26,1
DA:30,1
DA:31,14
DA:34,14
DA:35,14
DA:39,14
DA:40,14
DA:41,14
DA:42,14
DA:43,14
DA:44,14
DA:46,14
DA:50,5
DA:51,5
DA:53,3
DA:54,3
DA:55,3
DA:60,2
DA:61,2
DA:62,0
DA:64,2
DA:67,3
DA:73,0
DA:75,0
DA:76,0
DA:78,0
DA:80,0
DA:81,0
DA:83,0
DA:87,0
DA:88,0
DA:92,0
DA:93,0
DA:94,0
DA:98,0
DA:99,0
DA:103,0
DA:104,0
DA:108,2
DA:109,2
DA:110,1
DA:112,1
DA:116,1
DA:117,1
DA:118,1
DA:121,0
DA:122,0
DA:124,0
DA:128,0
DA:132,3
DA:133,3
DA:134,3
DA:135,3
DA:136,9
DA:137,6
DA:140,3
DA:141,3
DA:145,1
DA:150,1
DA:152,1
LF:60
LH:39
BRDA:80,0,0,0
BRDA:80,0,1,0
BRDA:93,1,0,0
BRDA:93,1,1,0
BRDA:109,2,0,1
BRDA:109,2,1,1
BRDA:117,3,0,1
BRDA:117,3,1,0
BRDA:136,4,0,6
BRDA:136,4,1,3
BRDA:152,5,0,1
BRDA:152,5,1,1
BRF:12
BRH:7
end_of_record
TN:
SF:C:/HeadStart/OC-Headstart.RyanLauer/src/UI/seller/src/app/buyers/components/approvals/buyer-approval.service.ts
FN:14,(anonymous_0)
FNF:1
FNH:0
FNDA:0,(anonymous_0)
DA:13,1
DA:19,0
LF:2
LH:1
BRF:0
BRH:0
end_of_record
TN:
SF:C:/HeadStart/OC-Headstart.RyanLauer/src/UI/seller/src/app/buyers/components/approvals/buyer-approval-table/buyer-approval-table.component.ts
FN:14,(anonymous_0)
FNF:1
FNH:1
FNDA:1,(anonymous_0)
DA:13,1
DA:15,1
DA:19,1
DA:22,1
LF:4
LH:4
BRF:0
BRH:0
end_of_record
TN:
SF:C:/HeadStart/OC-Headstart.RyanLauer/src/UI/seller/src/app/buyers/components/buyers/buyer.service.ts
FN:35,(anonymous_0)
FN:51,(anonymous_1)
FNF:2
FNH:0
FNDA:0,(anonymous_0)
FNDA:0,(anonymous_1)
DA:9,1
DA:22,1
DA:23,0
DA:39,0
DA:41,0
DA:52,0
DA:53,0
LF:7
LH:2
BRF:0
BRH:0
end_of_record
TN:
SF:C:/HeadStart/OC-Headstart.RyanLauer/src/UI/seller/src/app/buyers/components/buyers/buyer-edit/buyer-edit.component.ts
FN:39,(anonymous_0)
FN:29,(anonymous_1)
FN:46,(anonymous_2)
FN:57,(anonymous_3)
FN:68,(anonymous_4)
FN:73,(anonymous_6)
FN:81,(anonymous_7)
FN:88,(anonymous_8)
FN:92,(anonymous_9)
FN:100,(anonymous_11)
FN:114,(anonymous_13)
FN:129,(anonymous_15)
FNF:12
FNH:1
FNDA:1,(anonymous_0)
FNDA:0,(anonymous_1)
FNDA:0,(anonymous_2)
FNDA:0,(anonymous_3)
FNDA:0,(anonymous_4)
FNDA:0,(anonymous_6)
FNDA:0,(anonymous_7)
FNDA:0,(anonymous_8)
FNDA:0,(anonymous_9)
FNDA:0,(anonymous_11)
FNDA:0,(anonymous_13)
FNDA:0,(anonymous_15)
DA:17,1
DA:19,1
DA:20,1
DA:21,1
DA:27,1
DA:29,1
DA:30,0
DA:31,0
DA:33,0
DA:37,2
DA:40,1
DA:41,1
DA:42,1
DA:43,1
DA:48,0
DA:49,0
DA:50,0
DA:54,0
DA:58,0
DA:59,0
DA:60,0
DA:69,0
DA:70,0
DA:74,0
DA:75,0
DA:76,0
DA:77,0
DA:78,0
DA:82,0
DA:89,0
DA:93,0
DA:94,0
DA:96,0
DA:101,0
DA:102,0
DA:103,0
DA:106,0
DA:107,0
DA:109,0
DA:110,0
DA:115,0
DA:116,0
DA:117,0
DA:121,0
DA:122,0
DA:124,0
DA:125,0
DA:130,0
LF:48
LH:11
BRDA:30,0,0,0
BRDA:30,0,1,0
BRDA:48,1,0,0
BRDA:48,1,1,0
BRDA:93,2,0,0
BRDA:93,2,1,0
BRF:6
BRH:0
end_of_record
TN:
SF:C:/HeadStart/OC-Headstart.RyanLauer/src/UI/seller/src/app/buyers/components/buyers/buyer-table/buyer-table.component.ts
FN:17,(anonymous_0)
FNF:1
FNH:1
FNDA:1,(anonymous_0)
DA:14,1
DA:15,1
DA:18,1
DA:24,1
LF:4
LH:4
BRF:0
BRH:0
end_of_record
TN:
SF:C:/HeadStart/OC-Headstart.RyanLauer/src/UI/seller/src/app/buyers/components/catalogs/buyer-catalog.service.ts
FN:26,(anonymous_0)
FN:44,(anonymous_1)
FNF:2
FNH:0
FNDA:0,(anonymous_0)
FNDA:0,(anonymous_1)
DA:18,1
DA:19,0
DA:31,0
DA:45,0
DA:46,0
LF:5
LH:1
BRF:0
BRH:0
end_of_record
TN:
SF:C:/HeadStart/OC-Headstart.RyanLauer/src/UI/seller/src/app/buyers/components/catalogs/buyer-catalog-table/buyer-catalog-table.component.ts
FN:10,createBuyerCatalogForm
FN:22,(anonymous_1)
FNF:2
FNH:2
FNDA:2,createBuyerCatalogForm
FNDA:1,(anonymous_1)
DA:11,2
DA:21,1
DA:23,1
DA:27,1
DA:30,1
LF:5
LH:5
BRDA:12,0,0,2
BRDA:12,0,1,0
BRDA:12,1,0,2
BRDA:12,1,1,2
BRF:4
BRH:3
end_of_record
TN:
SF:C:/HeadStart/OC-Headstart.RyanLauer/src/UI/seller/src/app/buyers/components/categories/buyer-category-table/buyer-category-table.component.ts
FN:14,(anonymous_0)
FN:31,(anonymous_1)
FNF:2
FNH:1
FNDA:2,(anonymous_0)
FNDA:0,(anonymous_1)
DA:13,1
DA:15,2
DA:19,2
DA:22,2
DA:34,0
DA:35,0
DA:36,0
DA:37,0
DA:38,0
DA:40,0
LF:10
LH:4
BRDA:35,0,0,0
BRDA:35,0,1,0
BRDA:35,1,0,0
BRDA:35,1,1,0
BRDA:35,2,0,0
BRDA:35,2,1,0
BRDA:35,3,0,0
BRDA:35,3,1,0
BRF:8
BRH:0
end_of_record
TN:
SF:C:/HeadStart/OC-Headstart.RyanLauer/src/UI/seller/src/app/buyers/components/locations/buyer-location.service.ts
FN:68,(anonymous_0)
FN:88,(anonymous_1)
FN:96,(anonymous_3)
FN:103,(anonymous_4)
FN:117,(anonymous_6)
FN:121,(anonymous_8)
FN:131,(anonymous_9)
FN:134,(anonymous_10)
FNF:8
FNH:0
FNDA:0,(anonymous_0)
FNDA:0,(anonymous_1)
FNDA:0,(anonymous_3)
FNDA:0,(anonymous_4)
FNDA:0,(anonymous_6)
FNDA:0,(anonymous_8)
FNDA:0,(anonymous_9)
FNDA:0,(anonymous_10)
DA:23,1
DA:37,1
DA:38,0
DA:71,0
DA:72,0
DA:73,0
DA:74,0
DA:76,0
DA:89,0
DA:90,0
DA:95,0
DA:96,0
DA:98,0
DA:99,0
DA:100,0
DA:104,0
DA:105,0
DA:109,0
DA:113,0
DA:114,0
DA:120,0
DA:121,0
DA:123,0
DA:130,0
DA:131,0
DA:135,0
DA:136,0
DA:139,0
LF:28
LH:2
BRF:0
BRH:0
end_of_record
TN:
SF:C:/HeadStart/OC-Headstart.RyanLauer/src/UI/seller/src/app/buyers/components/locations/buyer-location-table/buyer-location-table.component.ts
FN:23,(anonymous_0)
FNF:1
FNH:1
FNDA:1,(anonymous_0)
DA:19,1
DA:24,1
DA:28,1
DA:31,1
LF:4
LH:4
BRF:0
BRH:0
end_of_record
TN:
SF:C:/HeadStart/OC-Headstart.RyanLauer/src/UI/seller/src/app/buyers/components/payments/buyer-payment.service.ts
FN:14,(anonymous_0)
FNF:1
FNH:0
FNDA:0,(anonymous_0)
DA:13,1
DA:19,0
LF:2
LH:1
BRF:0
BRH:0
end_of_record
TN:
SF:C:/HeadStart/OC-Headstart.RyanLauer/src/UI/seller/src/app/buyers/components/payments/buyer-payment-table/buyer-payment-table.component.ts
FN:14,(anonymous_0)
FNF:1
FNH:1
FNDA:1,(anonymous_0)
DA:13,1
DA:15,1
DA:19,1
DA:22,1
LF:4
LH:4
BRF:0
BRH:0
end_of_record
TN:
SF:C:/HeadStart/OC-Headstart.RyanLauer/src/UI/seller/src/app/buyers/components/users/buyer-user.service.ts
FN:34,(anonymous_0)
FN:53,(anonymous_1)
FN:59,(anonymous_3)
FN:66,(anonymous_4)
FN:76,(anonymous_5)
FN:96,(anonymous_7)
FN:113,(anonymous_9)
FN:123,(anonymous_11)
FN:132,(anonymous_13)
FNF:9
FNH:0
FNDA:0,(anonymous_0)
FNDA:0,(anonymous_1)
FNDA:0,(anonymous_3)
FNDA:0,(anonymous_4)
FNDA:0,(anonymous_5)
FNDA:0,(anonymous_7)
FNDA:0,(anonymous_9)
FNDA:0,(anonymous_11)
FNDA:0,(anonymous_13)
DA:23,1
DA:26,0
DA:37,0
DA:38,0
DA:39,0
DA:41,0
DA:59,0
DA:60,0
DA:66,0
DA:67,0
DA:73,0
DA:81,0
DA:87,0
DA:88,0
DA:101,0
DA:102,0
DA:108,0
DA:118,0
DA:127,0
DA:133,0
DA:134,0
DA:135,0
DA:136,0
DA:137,0
DA:141,0
DA:142,0
LF:26
LH:1
BRDA:57,0,0,0
BRDA:79,1,0,0
BRDA:87,2,0,0
BRDA:87,2,1,0
BRDA:99,3,0,0
BRDA:101,4,0,0
BRDA:101,4,1,0
BRF:7
BRH:0
end_of_record
TN:
SF:C:/HeadStart/OC-Headstart.RyanLauer/src/UI/seller/src/app/buyers/components/users/buyer-user-table/buyer-user-table.component.ts
FN:17,(anonymous_0)
FN:28,(anonymous_1)
FN:37,(anonymous_2)
FN:52,(anonymous_4)
FN:59,(anonymous_6)
FNF:5
FNH:1
FNDA:1,(anonymous_0)
FNDA:0,(anonymous_1)
FNDA:0,(anonymous_2)
FNDA:0,(anonymous_4)
FNDA:0,(anonymous_6)
DA:13,1
DA:14,1
DA:15,1
DA:18,1
DA:22,1
DA:25,1
DA:29,0
DA:30,0
DA:32,0
DA:33,0
DA:38,0
DA:39,0
DA:40,0
DA:43,0
DA:44,0
DA:45,0
DA:47,0
DA:48,0
DA:55,0
DA:59,0
DA:60,0
DA:61,0
DA:63,0
DA:64,0
LF:24
LH:6
BRDA:29,0,0,0
BRDA:29,0,1,0
BRDA:32,1,0,0
BRDA:32,1,1,0
BRF:4
BRH:0
end_of_record
TN:
SF:C:/HeadStart/OC-Headstart.RyanLauer/src/UI/seller/src/app/config/app.config.ts
FN:115,(anonymous_0)
FNF:1
FNH:1
FNDA:3,(anonymous_0)
DA:5,1
DA:111,1
DA:115,3
LF:3
LH:3
BRF:0
BRH:0
end_of_record
TN:
SF:C:/HeadStart/OC-Headstart.RyanLauer/src/UI/seller/src/app/config/error-handling.config.ts
FN:13,(anonymous_0)
FN:17,(anonymous_1)
FN:25,(anonymous_2)
FN:65,(anonymous_3)
FNF:4
FNH:0
FNDA:0,(anonymous_0)
FNDA:0,(anonymous_1)
FNDA:0,(anonymous_2)
FNDA:0,(anonymous_3)
DA:12,1
DA:13,0
DA:14,0
DA:18,0
DA:19,0
DA:26,0
DA:27,0
DA:29,0
DA:30,0
DA:31,0
DA:32,0
DA:34,0
DA:35,0
DA:36,0
DA:38,0
DA:40,0
DA:41,0
DA:42,0
DA:43,0
DA:44,0
DA:45,0
DA:47,0
DA:49,0
DA:50,0
DA:52,0
DA:57,0
DA:59,0
DA:66,0
LF:28
LH:1
BRDA:26,0,0,0
BRDA:26,0,1,0
BRDA:30,1,0,0
BRDA:30,1,1,0
BRDA:30,2,0,0
BRDA:30,2,1,0
BRDA:30,3,0,0
BRDA:30,3,1,0
BRDA:30,4,0,0
BRDA:30,4,1,0
BRDA:30,5,0,0
BRDA:30,5,1,0
BRDA:30,6,0,0
BRDA:30,6,1,0
BRDA:30,7,0,0
BRDA:30,7,1,0
BRDA:32,8,0,0
BRDA:32,8,1,0
BRDA:32,9,0,0
BRDA:32,9,1,0
BRDA:35,10,0,0
BRDA:35,10,1,0
BRDA:40,11,0,0
BRDA:40,11,1,0
BRDA:40,12,0,0
BRDA:40,12,1,0
BRDA:40,13,0,0
BRDA:40,13,1,0
BRDA:40,14,0,0
BRDA:40,14,1,0
BRDA:40,15,0,0
BRDA:40,15,1,0
BRDA:42,16,0,0
BRDA:42,16,1,0
BRDA:42,17,0,0
BRDA:42,17,1,0
BRDA:42,18,0,0
BRDA:42,18,1,0
BRDA:42,19,0,0
BRDA:42,19,1,0
BRDA:42,20,0,0
BRDA:42,20,1,0
BRDA:43,21,0,0
BRDA:43,21,1,0
BRDA:43,22,0,0
BRDA:43,22,1,0
BRDA:43,23,0,0
BRDA:43,23,1,0
BRDA:43,24,0,0
BRDA:43,24,1,0
BRDA:43,25,0,0
BRDA:43,25,1,0
BRDA:43,26,0,0
BRDA:43,26,1,0
BRDA:44,27,0,0
BRDA:44,27,1,0
BRDA:49,28,0,0
BRDA:49,28,1,0
BRDA:52,29,0,0
BRDA:52,29,1,0
BRDA:53,30,0,0
BRDA:53,30,1,0
BRF:62
BRH:0
end_of_record
TN:
SF:C:/HeadStart/OC-Headstart.RyanLauer/src/UI/seller/src/app/config/mp-security-profiles.ts
FNF:0
FNH:0
DA:11,1
DA:35,1
DA:114,1
DA:123,1
DA:131,1
DA:141,1
DA:150,1
DA:155,1
DA:160,1
DA:165,1
DA:170,1
DA:175,1
DA:183,1
DA:190,1
DA:202,1
DA:214,1
DA:219,1
DA:228,1
DA:236,1
DA:243,1
DA:250,1
DA:257,1
DA:261,1
DA:273,1
DA:293,1
DA:306,1
DA:317,1
LF:27
LH:27
BRF:0
BRH:0
end_of_record
TN:
SF:C:/HeadStart/OC-Headstart.RyanLauer/src/UI/seller/src/app/layout/header/header.component.ts
FN:49,(anonymous_0)
FN:101,(anonymous_1)
FN:102,(anonymous_2)
FN:60,(anonymous_3)
FN:70,(anonymous_5)
FN:81,(anonymous_7)
FN:86,(anonymous_9)
FN:87,(anonymous_10)
FN:91,(anonymous_11)
FN:94,(anonymous_12)
FN:111,(anonymous_13)
FN:117,(anonymous_14)
FN:121,(anonymous_15)
FN:125,(anonymous_16)
FNF:14
FNH:10
FNDA:4,(anonymous_0)
FNDA:4,(anonymous_1)
FNDA:0,(anonymous_2)
FNDA:4,(anonymous_3)
FNDA:4,(anonymous_5)
FNDA:0,(anonymous_7)
FNDA:4,(anonymous_9)
FNDA:4,(anonymous_10)
FNDA:4,(anonymous_11)
FNDA:4,(anonymous_12)
FNDA:3,(anonymous_13)
FNDA:0,(anonymous_14)
FNDA:0,(anonymous_15)
FNDA:8,(anonymous_16)
DA:30,1
DA:34,4
DA:35,4
DA:36,4
DA:37,4
DA:38,4
DA:39,4
DA:40,4
DA:41,4
DA:42,4
DA:43,4
DA:45,4
DA:50,4
DA:51,4
DA:52,4
DA:53,4
DA:54,4
DA:55,4
DA:57,4
DA:61,4
DA:65,4
DA:66,4
DA:67,4
DA:71,4
DA:72,4
DA:73,0
DA:74,0
DA:76,4
DA:77,4
DA:82,0
DA:83,0
DA:87,4
DA:88,4
DA:89,4
DA:91,4
DA:92,4
DA:94,4
DA:95,4
DA:96,0
DA:101,4
DA:102,4
DA:103,0
DA:108,4
DA:112,3
DA:113,3
DA:114,3
DA:118,0
DA:122,0
DA:126,8
DA:127,8
DA:128,8
LF:51
LH:43
BRDA:104,0,0,0
BRDA:104,0,1,0
BRDA:104,0,2,0
BRDA:108,1,0,4
BRDA:108,1,1,0
BRDA:72,2,0,0
BRDA:72,2,1,4
BRDA:95,3,0,0
BRDA:95,3,1,4
BRDA:126,4,0,8
BRDA:126,4,1,0
BRDA:126,5,0,8
BRDA:126,5,1,8
BRDA:126,6,0,0
BRDA:126,6,1,8
BRDA:126,7,0,8
BRDA:126,7,1,8
BRDA:127,8,0,8
BRDA:127,8,1,0
BRDA:127,9,0,8
BRDA:127,9,1,8
BRDA:127,10,0,0
BRDA:127,10,1,8
BRDA:127,11,0,8
BRDA:127,11,1,8
BRF:25
BRH:15
end_of_record
TN:
SF:C:/HeadStart/OC-Headstart.RyanLauer/src/UI/seller/src/app/layout/header/header.config.ts
FN:355,(anonymous_0)
FN:364,(anonymous_1)
FN:379,(anonymous_2)
FN:384,(anonymous_3)
FN:386,(anonymous_4)
FNF:5
FNH:4
FNDA:4,(anonymous_0)
FNDA:0,(anonymous_1)
FNDA:4,(anonymous_2)
FNDA:44,(anonymous_3)
FNDA:76,(anonymous_4)
DA:8,1
DA:22,1
DA:46,1
DA:52,1
DA:58,1
DA:64,1
DA:76,1
DA:87,1
DA:98,1
DA:109,1
DA:119,1
DA:129,1
DA:139,1
DA:149,1
DA:161,1
DA:171,1
DA:190,1
DA:196,1
DA:202,1
DA:208,1
DA:214,1
DA:220,1
DA:226,1
DA:232,1
DA:248,1
DA:254,1
DA:260,1
DA:266,1
DA:273,1
DA:279,1
DA:285,1
DA:291,1
DA:298,1
DA:304,1
DA:310,1
DA:316,1
DA:323,1
DA:329,1
DA:335,1
DA:341,1
DA:355,1
DA:359,4
DA:364,4
DA:365,0
DA:366,0
DA:368,0
DA:373,0
DA:374,0
DA:379,1
DA:384,4
DA:385,44
DA:386,76
LF:52
LH:47
BRDA:365,0,0,0
BRDA:365,0,1,0
BRDA:381,1,0,4
BRDA:386,2,0,44
BRDA:386,2,1,0
BRDA:386,2,2,0
BRDA:386,3,0,0
BRDA:386,3,1,76
BRDA:386,4,0,76
BRDA:386,4,1,76
BRF:10
BRH:5
end_of_record
TN:
SF:C:/HeadStart/OC-Headstart.RyanLauer/src/UI/seller/src/app/layout/home/home.component.ts
FN:13,(anonymous_0)
FN:15,(anonymous_1)
FNF:2
FNH:2
FNDA:1,(anonymous_0)
FNDA:1,(anonymous_1)
DA:12,1
DA:13,1
LF:2
LH:2
BRF:0
BRH:0
end_of_record
TN:
SF:C:/HeadStart/OC-Headstart.RyanLauer/src/UI/seller/src/app/orders/line-item-status.helper.ts
FN:18,NumberCanChangeTo
FN:23,(anonymous_1)
FN:26,(anonymous_2)
FN:28,CanChangeTo
FN:35,CanChangeLineItemsOnOrderTo
FN:39,(anonymous_5)
FNF:6
FNH:0
FNDA:0,NumberCanChangeTo
FNDA:0,(anonymous_1)
FNDA:0,(anonymous_2)
FNDA:0,CanChangeTo
FNDA:0,CanChangeLineItemsOnOrderTo
FNDA:0,(anonymous_5)
DA:4,1
DA:22,0
DA:24,0
DA:26,0
DA:32,0
DA:39,0
LF:6
LH:1
BRF:0
BRH:0
end_of_record
TN:
SF:C:/HeadStart/OC-Headstart.RyanLauer/src/UI/seller/src/app/orders/order.service.ts
FN:13,(anonymous_0)
FN:27,(anonymous_1)
FN:30,(anonymous_2)
FNF:3
FNH:0
FNDA:0,(anonymous_0)
FNDA:0,(anonymous_1)
FNDA:0,(anonymous_2)
DA:12,1
DA:18,0
DA:28,0
DA:31,0
LF:4
LH:1
BRDA:31,0,0,0
BRDA:31,0,1,0
BRDA:31,1,0,0
BRDA:31,1,1,0
BRDA:31,2,0,0
BRDA:31,2,1,0
BRDA:31,3,0,0
BRDA:31,3,1,0
BRF:8
BRH:0
end_of_record
TN:
SF:C:/HeadStart/OC-Headstart.RyanLauer/src/UI/seller/src/app/orders/pdf-render.service.ts
FN:12,(anonymous_0)
FN:31,(anonymous_2)
FN:41,(anonymous_3)
FN:44,(anonymous_4)
FN:47,(anonymous_5)
FN:77,(anonymous_6)
FN:84,(anonymous_7)
FN:97,(anonymous_9)
FN:99,(anonymous_10)
FNF:9
FNH:0
FNDA:0,(anonymous_0)
FNDA:0,(anonymous_2)
FNDA:0,(anonymous_3)
FNDA:0,(anonymous_4)
FNDA:0,(anonymous_5)
FNDA:0,(anonymous_6)
FNDA:0,(anonymous_7)
FNDA:0,(anonymous_9)
FNDA:0,(anonymous_10)
DA:9,1
DA:18,0
DA:23,0
DA:25,0
DA:26,0
DA:27,0
DA:30,0
DA:31,0
DA:32,0
DA:34,0
DA:35,0
DA:38,0
DA:42,0
DA:45,0
DA:46,0
DA:47,0
DA:48,0
DA:49,0
DA:50,0
DA:51,0
DA:52,0
DA:53,0
DA:54,0
DA:55,0
DA:56,0
DA:57,0
DA:59,0
DA:62,0
DA:63,0
DA:64,0
DA:67,0
DA:72,0
DA:78,0
DA:79,0
DA:85,0
DA:86,0
DA:87,0
DA:88,0
DA:89,0
DA:90,0
DA:91,0
DA:92,0
DA:93,0
DA:94,0
DA:98,0
DA:99,0
DA:100,0
DA:104,0
DA:106,0
LF:49
LH:1
BRDA:55,0,0,0
BRDA:55,0,1,0
BRDA:60,1,0,0
BRDA:60,1,1,0
BRDA:98,2,0,0
BRDA:98,2,1,0
BRDA:98,3,0,0
BRDA:98,3,1,0
BRDA:100,4,0,0
BRDA:100,4,1,0
BRDA:101,5,0,0
BRDA:101,5,1,0
BRF:12
BRH:0
end_of_record
TN:
SF:C:/HeadStart/OC-Headstart.RyanLauer/src/UI/seller/src/app/orders/components/order-details/order-details.component.ts
FN:88,(anonymous_0)
FN:82,(anonymous_1)
FN:101,(anonymous_2)
FN:160,(anonymous_3)
FN:169,(anonymous_4)
FN:173,(anonymous_5)
FN:178,(anonymous_6)
FN:187,(anonymous_7)
FN:190,(anonymous_9)
FN:193,(anonymous_10)
FN:197,(anonymous_11)
FN:220,(anonymous_13)
FN:246,(anonymous_15)
FN:247,(anonymous_16)
FN:253,(anonymous_17)
FN:260,(anonymous_19)
FN:264,(anonymous_20)
FNF:17
FNH:2
FNDA:1,(anonymous_0)
FNDA:0,(anonymous_1)
FNDA:0,(anonymous_2)
FNDA:0,(anonymous_3)
FNDA:0,(anonymous_4)
FNDA:0,(anonymous_5)
FNDA:0,(anonymous_6)
FNDA:0,(anonymous_7)
FNDA:0,(anonymous_9)
FNDA:10,(anonymous_10)
FNDA:0,(anonymous_11)
FNDA:0,(anonymous_13)
FNDA:0,(anonymous_15)
FNDA:0,(anonymous_16)
FNDA:0,(anonymous_17)
FNDA:0,(anonymous_19)
FNDA:0,(anonymous_20)
DA:37,1
DA:57,1
DA:58,1
DA:59,1
DA:60,1
DA:61,1
DA:62,1
DA:63,1
DA:64,1
DA:65,1
DA:66,1
DA:70,1
DA:71,1
DA:72,1
DA:82,1
DA:83,0
DA:84,0
DA:85,0
DA:89,1
DA:90,1
DA:91,1
DA:92,1
DA:93,1
DA:94,1
DA:95,1
DA:96,1
DA:98,1
DA:102,0
DA:104,0
DA:111,0
DA:113,0
DA:120,0
DA:122,0
DA:129,0
DA:131,0
DA:138,0
DA:140,0
DA:141,0
DA:149,0
DA:150,0
DA:161,0
DA:162,0
DA:164,0
DA:166,0
DA:170,0
DA:174,0
DA:175,0
DA:179,0
DA:180,0
DA:181,0
DA:183,0
DA:188,0
DA:190,0
DA:194,10
DA:198,0
DA:210,0
DA:211,0
DA:212,0
DA:213,0
DA:214,0
DA:217,0
DA:221,0
DA:222,0
DA:226,0
DA:229,0
DA:233,0
DA:234,0
DA:236,0
DA:237,0
DA:238,0
DA:239,0
DA:246,0
DA:247,0
DA:248,0
DA:254,0
DA:257,0
DA:261,0
DA:265,0
LF:78
LH:25
BRDA:83,0,0,0
BRDA:83,0,1,0
BRDA:103,1,0,0
BRDA:103,1,1,0
BRDA:103,1,2,0
BRDA:103,1,3,0
BRDA:102,2,0,0
BRDA:102,2,1,0
BRDA:102,3,0,0
BRDA:102,3,1,0
BRDA:102,4,0,0
BRDA:102,4,1,0
BRDA:102,5,0,0
BRDA:102,5,1,0
BRDA:140,6,0,0
BRDA:140,6,1,0
BRDA:140,7,0,0
BRDA:140,7,1,0
BRDA:140,8,0,0
BRDA:140,8,1,0
BRDA:140,9,0,0
BRDA:140,9,1,0
BRDA:140,10,0,0
BRDA:140,10,1,0
BRDA:149,11,0,0
BRDA:149,11,1,0
BRDA:149,12,0,0
BRDA:149,12,1,0
BRDA:149,13,0,0
BRDA:149,13,1,0
BRDA:149,14,0,0
BRDA:149,14,1,0
BRDA:149,15,0,0
BRDA:149,15,1,0
BRDA:161,16,0,0
BRDA:161,16,1,0
BRDA:161,17,0,0
BRDA:161,17,1,0
BRDA:174,18,0,0
BRDA:174,18,1,0
BRDA:174,19,0,0
BRDA:174,19,1,0
BRDA:174,20,0,0
BRDA:174,20,1,0
BRDA:174,21,0,0
BRDA:174,21,1,0
BRDA:174,22,0,0
BRDA:174,22,1,0
BRDA:174,23,0,0
BRDA:174,23,1,0
BRDA:180,24,0,0
BRDA:180,24,1,0
BRDA:199,25,0,0
BRDA:199,25,1,0
BRDA:199,26,0,0
BRDA:199,26,1,0
BRDA:199,27,0,0
BRDA:199,27,1,0
BRDA:199,28,0,0
BRDA:199,28,1,0
BRDA:199,29,0,0
BRDA:199,29,1,0
BRDA:199,30,0,0
BRDA:199,30,1,0
BRDA:199,31,0,0
BRDA:199,31,1,0
BRDA:202,32,0,0
BRDA:202,32,1,0
BRDA:202,33,0,0
BRDA:202,33,1,0
BRDA:202,34,0,0
BRDA:202,34,1,0
BRDA:202,35,0,0
BRDA:202,35,1,0
BRDA:202,36,0,0
BRDA:202,36,1,0
BRDA:202,37,0,0
BRDA:202,37,1,0
BRDA:203,38,0,0
BRDA:203,38,1,0
BRDA:203,39,0,0
BRDA:203,39,1,0
BRDA:203,40,0,0
BRDA:203,40,1,0
BRDA:203,41,0,0
BRDA:203,41,1,0
BRDA:203,42,0,0
BRDA:203,42,1,0
BRDA:203,43,0,0
BRDA:203,43,1,0
BRDA:203,44,0,0
BRDA:203,44,1,0
BRDA:203,45,0,0
BRDA:203,45,1,0
BRDA:206,46,0,0
BRDA:206,46,1,0
BRDA:206,47,0,0
BRDA:206,47,1,0
BRDA:206,48,0,0
BRDA:206,48,1,0
BRDA:206,49,0,0
BRDA:206,49,1,0
BRDA:206,50,0,0
BRDA:206,50,1,0
BRDA:206,51,0,0
BRDA:206,51,1,0
BRDA:206,52,0,0
BRDA:206,52,1,0
BRDA:206,53,0,0
BRDA:206,53,1,0
BRDA:233,54,0,0
BRDA:233,54,1,0
BRF:112
BRH:0
end_of_record
TN:
SF:C:/HeadStart/OC-Headstart.RyanLauer/src/UI/seller/src/app/orders/components/order-shipments/order-shipments.component.ts
FN:87,(anonymous_0)
FN:78,(anonymous_1)
FN:101,(anonymous_2)
FN:109,(anonymous_4)
FN:114,(anonymous_6)
FN:127,(anonymous_7)
FN:138,(anonymous_8)
FN:151,(anonymous_9)
FN:159,(anonymous_10)
FN:161,(anonymous_11)
FN:166,(anonymous_12)
FN:170,(anonymous_13)
FN:185,(anonymous_14)
FN:192,(anonymous_16)
FN:192,(anonymous_17)
FN:204,(anonymous_18)
FN:211,(anonymous_20)
FN:214,(anonymous_22)
FN:214,(anonymous_23)
FN:231,(anonymous_24)
FN:236,(anonymous_25)
FN:242,(anonymous_27)
FN:247,(anonymous_28)
FN:251,(anonymous_29)
FN:260,(anonymous_30)
FN:264,(anonymous_31)
FN:273,(anonymous_32)
FN:281,(anonymous_34)
FN:293,(anonymous_35)
FN:300,(anonymous_36)
FN:303,(anonymous_37)
FN:315,(anonymous_38)
FN:339,(anonymous_40)
FN:349,(anonymous_41)
FN:364,(anonymous_42)
FN:370,(anonymous_43)
FNF:36
FNH:3
FNDA:1,(anonymous_0)
FNDA:0,(anonymous_1)
FNDA:0,(anonymous_2)
FNDA:0,(anonymous_4)
FNDA:0,(anonymous_6)
FNDA:0,(anonymous_7)
FNDA:0,(anonymous_8)
FNDA:0,(anonymous_9)
FNDA:0,(anonymous_10)
FNDA:0,(anonymous_11)
FNDA:2,(anonymous_12)
FNDA:0,(anonymous_13)
FNDA:0,(anonymous_14)
FNDA:0,(anonymous_16)
FNDA:0,(anonymous_17)
FNDA:0,(anonymous_18)
FNDA:0,(anonymous_20)
FNDA:0,(anonymous_22)
FNDA:0,(anonymous_23)
FNDA:0,(anonymous_24)
FNDA:0,(anonymous_25)
FNDA:0,(anonymous_27)
FNDA:0,(anonymous_28)
FNDA:0,(anonymous_29)
FNDA:0,(anonymous_30)
FNDA:0,(anonymous_31)
FNDA:0,(anonymous_32)
FNDA:0,(anonymous_34)
FNDA:2,(anonymous_35)
FNDA:0,(anonymous_36)
FNDA:0,(anonymous_37)
FNDA:0,(anonymous_38)
FNDA:0,(anonymous_40)
FNDA:0,(anonymous_41)
FNDA:0,(anonymous_42)
FNDA:0,(anonymous_43)
DA:54,1
DA:55,1
DA:56,1
DA:57,1
DA:58,1
DA:59,1
DA:60,1
DA:61,1
DA:62,1
DA:65,1
DA:71,1
DA:72,1
DA:73,1
DA:76,1
DA:78,1
DA:79,0
DA:80,0
DA:83,2
DA:85,2
DA:88,1
DA:89,1
DA:90,1
DA:91,1
DA:92,1
DA:93,1
DA:94,1
DA:95,1
DA:96,1
DA:98,1
DA:102,0
DA:103,0
DA:104,0
DA:105,0
DA:110,0
DA:111,0
DA:115,0
DA:126,0
DA:127,0
DA:128,0
DA:140,0
DA:141,0
DA:142,0
DA:143,0
DA:145,0
DA:146,0
DA:148,0
DA:152,0
DA:153,0
DA:154,0
DA:155,0
DA:156,0
DA:160,0
DA:161,0
DA:163,0
DA:167,2
DA:171,0
DA:172,0
DA:173,0
DA:174,0
DA:187,0
DA:192,0
DA:193,0
DA:196,0
DA:201,0
DA:205,0
DA:208,0
DA:212,0
DA:213,0
DA:214,0
DA:215,0
DA:219,0
DA:228,0
DA:232,0
DA:233,0
DA:237,0
DA:243,0
DA:244,0
DA:248,0
DA:252,0
DA:261,0
DA:265,0
DA:274,0
DA:275,0
DA:282,0
DA:286,0
DA:287,0
DA:288,0
DA:290,0
DA:294,2
DA:301,0
DA:302,0
DA:303,0
DA:304,0
DA:316,0
DA:317,0
DA:318,0
DA:319,0
DA:320,0
DA:321,0
DA:327,0
DA:340,0
DA:349,0
DA:351,0
DA:352,0
DA:359,0
DA:360,0
DA:361,0
DA:365,0
DA:366,0
DA:367,0
DA:368,0
DA:369,0
DA:370,0
DA:372,0
DA:373,0
LF:115
LH:29
BRDA:102,0,0,0
BRDA:102,0,1,0
BRDA:102,1,0,0
BRDA:102,1,1,0
BRDA:142,2,0,0
BRDA:142,2,1,0
BRDA:145,3,0,0
BRDA:145,3,1,0
BRDA:163,4,0,0
BRDA:163,4,1,0
BRDA:192,5,0,0
BRDA:192,5,1,0
BRDA:192,6,0,0
BRDA:192,6,1,0
BRDA:192,7,0,0
BRDA:192,7,1,0
BRDA:192,8,0,0
BRDA:192,8,1,0
BRDA:215,9,0,0
BRDA:215,9,1,0
BRDA:216,10,0,0
BRDA:216,10,1,0
BRDA:216,11,0,0
BRDA:216,11,1,0
BRDA:216,12,0,0
BRDA:216,12,1,0
BRDA:217,13,0,0
BRDA:217,13,1,0
BRDA:217,14,0,0
BRDA:217,14,1,0
BRDA:221,15,0,0
BRDA:221,15,1,0
BRDA:221,16,0,0
BRDA:221,16,1,0
BRDA:248,17,0,0
BRDA:248,17,1,0
BRDA:252,18,0,0
BRDA:252,18,1,0
BRDA:261,19,0,0
BRDA:261,19,1,0
BRDA:265,20,0,0
BRDA:265,20,1,0
BRDA:274,21,0,0
BRDA:274,21,1,0
BRDA:276,22,0,0
BRDA:276,22,1,0
BRDA:276,23,0,0
BRDA:276,23,1,0
BRDA:295,24,0,2
BRDA:295,24,1,0
BRDA:302,25,0,0
BRDA:302,25,1,0
BRDA:342,26,0,0
BRDA:342,26,1,0
BRDA:342,27,0,0
BRDA:342,27,1,0
BRDA:365,28,0,0
BRDA:365,28,1,0
BRDA:366,29,0,0
BRDA:366,29,1,0
BRDA:367,30,0,0
BRDA:367,30,1,0
BRDA:372,31,0,0
BRDA:372,31,1,0
BRDA:373,32,0,0
BRDA:373,32,1,0
BRF:66
BRH:1
end_of_record
TN:
SF:C:/HeadStart/OC-Headstart.RyanLauer/src/UI/seller/src/app/orders/components/order-table/order-table.component.ts
FN:18,(anonymous_0)
FN:29,(anonymous_1)
FN:34,(anonymous_2)
FN:38,(anonymous_3)
FN:48,(anonymous_4)
FNF:5
FNH:0
FNDA:0,(anonymous_0)
FNDA:0,(anonymous_1)
FNDA:0,(anonymous_2)
FNDA:0,(anonymous_3)
FNDA:0,(anonymous_4)
DA:14,1
DA:16,0
DA:19,0
DA:24,0
DA:26,0
DA:27,0
DA:29,0
DA:30,0
DA:31,0
DA:34,0
DA:35,0
DA:39,0
DA:40,0
DA:42,0
DA:49,0
DA:50,0
DA:52,0
LF:17
LH:1
BRDA:30,0,0,0
BRDA:30,0,1,0
BRDA:39,1,0,0
BRDA:39,1,1,0
BRF:4
BRH:0
end_of_record
TN:
SF:C:/HeadStart/OC-Headstart.RyanLauer/src/UI/seller/src/app/products/product-image.helper.ts
FN:14,getProductSmallImageUrl
FN:21,getProductMediumImageUrl
FN:28,(anonymous_2)
FN:33,(anonymous_3)
FNF:4
FNH:0
FNDA:0,getProductSmallImageUrl
FNDA:0,getProductMediumImageUrl
FNDA:0,(anonymous_2)
FNDA:0,(anonymous_3)
DA:10,1
DA:11,1
DA:12,1
DA:18,0
DA:25,0
DA:28,1
DA:33,0
DA:34,0
LF:8
LH:4
BRF:0
BRH:0
end_of_record
TN:
SF:C:/HeadStart/OC-Headstart.RyanLauer/src/UI/seller/src/app/products/product.service.ts
FN:92,(anonymous_0)
FN:111,(anonymous_1)
FN:117,(anonymous_3)
FN:121,(anonymous_4)
FN:124,(anonymous_5)
FN:132,(anonymous_6)
FN:137,(anonymous_8)
FN:142,(anonymous_9)
FN:154,(anonymous_10)
FN:157,(anonymous_12)
FN:161,(anonymous_14)
FN:165,(anonymous_16)
FN:169,(anonymous_18)
FN:172,(anonymous_20)
FN:175,(anonymous_22)
FN:178,(anonymous_24)
FN:181,(anonymous_26)
FN:187,(anonymous_28)
FN:193,(anonymous_30)
FN:196,(anonymous_32)
FNF:20
FNH:0
FNDA:0,(anonymous_0)
FNDA:0,(anonymous_1)
FNDA:0,(anonymous_3)
FNDA:0,(anonymous_4)
FNDA:0,(anonymous_5)
FNDA:0,(anonymous_6)
FNDA:0,(anonymous_8)
FNDA:0,(anonymous_9)
FNDA:0,(anonymous_10)
FNDA:0,(anonymous_12)
FNDA:0,(anonymous_14)
FNDA:0,(anonymous_16)
FNDA:0,(anonymous_18)
FNDA:0,(anonymous_20)
FNDA:0,(anonymous_22)
FNDA:0,(anonymous_24)
FNDA:0,(anonymous_26)
FNDA:0,(anonymous_28)
FNDA:0,(anonymous_30)
FNDA:0,(anonymous_32)
DA:29,1
DA:30,0
DA:95,0
DA:96,0
DA:97,0
DA:98,0
DA:99,0
DA:101,0
DA:117,0
DA:118,0
DA:119,0
DA:121,0
DA:122,0
DA:124,0
DA:125,0
DA:129,0
DA:137,0
DA:138,0
DA:142,0
DA:143,0
DA:151,0
DA:155,0
DA:158,0
DA:162,0
DA:166,0
DA:170,0
DA:173,0
DA:176,0
DA:179,0
DA:185,0
DA:191,0
DA:194,0
DA:197,0
LF:33
LH:1
BRF:0
BRH:0
end_of_record
TN:
SF:C:/HeadStart/OC-Headstart.RyanLauer/src/UI/seller/src/app/products/components/product-edit/product-edit.component.ts
FN:143,(anonymous_0)
FN:1034,(anonymous_1)
FN:1037,(anonymous_2)
FN:82,(anonymous_3)
FN:161,(anonymous_4)
FN:170,(anonymous_6)
FN:176,(anonymous_7)
FN:187,(anonymous_8)
FN:194,(anonymous_9)
FN:204,(anonymous_10)
FN:213,(anonymous_12)
FN:217,(anonymous_14)
FN:226,(anonymous_16)
FN:230,(anonymous_17)
FN:275,(anonymous_18)
FN:395,(anonymous_19)
FN:402,(anonymous_20)
FN:403,(anonymous_21)
FN:416,(anonymous_22)
FN:426,(anonymous_23)
FN:427,(anonymous_24)
FN:436,(anonymous_25)
FN:444,(anonymous_26)
FN:449,(anonymous_27)
FN:450,(anonymous_28)
FN:452,(anonymous_29)
FN:457,(anonymous_30)
FN:465,(anonymous_31)
FN:474,(anonymous_32)
FN:484,(anonymous_33)
FN:516,(anonymous_34)
FN:526,(anonymous_35)
FN:536,(anonymous_37)
FN:544,(anonymous_39)
FN:553,(anonymous_41)
FN:560,(anonymous_42)
FN:582,(anonymous_44)
FN:613,(anonymous_46)
FN:627,(anonymous_48)
FN:627,(anonymous_49)
FN:670,(anonymous_50)
FN:697,(anonymous_52)
FN:707,(anonymous_53)
FN:726,(anonymous_54)
FN:734,(anonymous_55)
FN:746,(anonymous_56)
FN:758,(anonymous_57)
FN:761,(anonymous_58)
FN:771,(anonymous_59)
FN:783,(anonymous_60)
FN:788,(anonymous_61)
FN:811,(anonymous_63)
FN:825,(anonymous_65)
FN:841,(anonymous_67)
FN:855,(anonymous_69)
FN:859,(anonymous_70)
FN:865,(anonymous_71)
FN:880,(anonymous_72)
FN:884,(anonymous_73)
FN:885,(anonymous_74)
FN:895,(anonymous_75)
FN:899,(anonymous_76)
FN:917,(anonymous_78)
FN:926,(anonymous_79)
FN:934,(anonymous_80)
FN:941,(anonymous_82)
FN:962,(anonymous_84)
FN:969,(anonymous_85)
FN:988,(anonymous_87)
FN:1010,(anonymous_89)
FN:1014,(anonymous_91)
FN:1016,(anonymous_92)
FN:1025,(anonymous_93)
FN:1044,(anonymous_95)
FN:1054,(anonymous_96)
FN:1058,(anonymous_97)
FN:1062,(anonymous_98)
FN:1072,(anonymous_99)
FNF:78
FNH:0
FNDA:0,(anonymous_0)
FNDA:0,(anonymous_1)
FNDA:0,(anonymous_2)
FNDA:0,(anonymous_3)
FNDA:0,(anonymous_4)
FNDA:0,(anonymous_6)
FNDA:0,(anonymous_7)
FNDA:0,(anonymous_8)
FNDA:0,(anonymous_9)
FNDA:0,(anonymous_10)
FNDA:0,(anonymous_12)
FNDA:0,(anonymous_14)
FNDA:0,(anonymous_16)
FNDA:0,(anonymous_17)
FNDA:0,(anonymous_18)
FNDA:0,(anonymous_19)
FNDA:0,(anonymous_20)
FNDA:0,(anonymous_21)
FNDA:0,(anonymous_22)
FNDA:0,(anonymous_23)
FNDA:0,(anonymous_24)
FNDA:0,(anonymous_25)
FNDA:0,(anonymous_26)
FNDA:0,(anonymous_27)
FNDA:0,(anonymous_28)
FNDA:0,(anonymous_29)
FNDA:0,(anonymous_30)
FNDA:0,(anonymous_31)
FNDA:0,(anonymous_32)
FNDA:0,(anonymous_33)
FNDA:0,(anonymous_34)
FNDA:0,(anonymous_35)
FNDA:0,(anonymous_37)
FNDA:0,(anonymous_39)
FNDA:0,(anonymous_41)
FNDA:0,(anonymous_42)
FNDA:0,(anonymous_44)
FNDA:0,(anonymous_46)
FNDA:0,(anonymous_48)
FNDA:0,(anonymous_49)
FNDA:0,(anonymous_50)
FNDA:0,(anonymous_52)
FNDA:0,(anonymous_53)
FNDA:0,(anonymous_54)
FNDA:0,(anonymous_55)
FNDA:0,(anonymous_56)
FNDA:0,(anonymous_57)
FNDA:0,(anonymous_58)
FNDA:0,(anonymous_59)
FNDA:0,(anonymous_60)
FNDA:0,(anonymous_61)
FNDA:0,(anonymous_63)
FNDA:0,(anonymous_65)
FNDA:0,(anonymous_67)
FNDA:0,(anonymous_69)
FNDA:0,(anonymous_70)
FNDA:0,(anonymous_71)
FNDA:0,(anonymous_72)
FNDA:0,(anonymous_73)
FNDA:0,(anonymous_74)
FNDA:0,(anonymous_75)
FNDA:0,(anonymous_76)
FNDA:0,(anonymous_78)
FNDA:0,(anonymous_79)
FNDA:0,(anonymous_80)
FNDA:0,(anonymous_82)
FNDA:0,(anonymous_84)
FNDA:0,(anonymous_85)
FNDA:0,(anonymous_87)
FNDA:0,(anonymous_89)
FNDA:0,(anonymous_91)
FNDA:0,(anonymous_92)
FNDA:0,(anonymous_93)
FNDA:0,(anonymous_95)
FNDA:0,(anonymous_96)
FNDA:0,(anonymous_97)
FNDA:0,(anonymous_98)
FNDA:0,(anonymous_99)
DA:78,1
DA:80,1
DA:82,1
DA:83,0
DA:84,0
DA:86,0
DA:87,0
DA:88,0
DA:91,1
DA:93,1
DA:95,1
DA:97,1
DA:99,1
DA:101,1
DA:102,0
DA:103,0
DA:104,0
DA:105,0
DA:106,0
DA:107,0
DA:108,0
DA:109,0
DA:110,0
DA:111,0
DA:112,0
DA:113,0
DA:119,0
DA:120,0
DA:125,0
DA:126,0
DA:128,0
DA:129,0
DA:130,0
DA:132,0
DA:133,0
DA:134,0
DA:135,0
DA:136,0
DA:137,0
DA:138,0
DA:140,0
DA:144,0
DA:145,0
DA:146,0
DA:147,0
DA:148,0
DA:149,0
DA:150,0
DA:151,0
DA:152,0
DA:153,0
DA:154,0
DA:155,0
DA:156,0
DA:157,0
DA:158,0
DA:163,0
DA:164,0
DA:165,0
DA:166,0
DA:167,0
DA:171,0
DA:172,0
DA:173,0
DA:174,0
DA:176,0
DA:178,0
DA:180,0
DA:181,0
DA:188,0
DA:191,0
DA:195,0
DA:196,0
DA:198,0
DA:201,0
DA:205,0
DA:206,0
DA:207,0
DA:214,0
DA:220,0
DA:225,0
DA:226,0
DA:229,0
DA:230,0
DA:233,0
DA:236,0
DA:239,0
DA:240,0
DA:245,0
DA:246,0
DA:251,0
DA:253,0
DA:254,0
DA:255,0
DA:257,0
DA:258,0
DA:259,0
DA:260,0
DA:263,0
DA:264,0
DA:271,0
DA:272,0
DA:276,0
DA:277,0
DA:388,0
DA:389,0
DA:390,0
DA:391,0
DA:396,0
DA:397,0
DA:400,0
DA:402,0
DA:404,0
DA:405,0
DA:410,0
DA:412,0
DA:417,0
DA:421,0
DA:422,0
DA:424,0
DA:426,0
DA:428,0
DA:429,0
DA:431,0
DA:437,0
DA:444,0
DA:445,0
DA:447,0
DA:449,0
DA:451,0
DA:452,0
DA:453,0
DA:454,0
DA:457,0
DA:458,0
DA:459,0
DA:466,0
DA:467,0
DA:468,0
DA:471,0
DA:475,0
DA:485,0
DA:487,0
DA:489,0
DA:491,0
DA:496,0
DA:497,0
DA:500,0
DA:502,0
DA:505,0
DA:507,0
DA:510,0
DA:517,0
DA:527,0
DA:528,0
DA:537,0
DA:538,0
DA:540,0
DA:545,0
DA:546,0
DA:550,0
DA:554,0
DA:555,0
DA:556,0
DA:557,0
DA:561,0
DA:562,0
DA:563,0
DA:566,0
DA:567,0
DA:568,0
DA:569,0
DA:573,0
DA:574,0
DA:575,0
DA:577,0
DA:578,0
DA:583,0
DA:584,0
DA:585,0
DA:586,0
DA:590,0
DA:594,0
DA:595,0
DA:597,0
DA:598,0
DA:599,0
DA:600,0
DA:601,0
DA:606,0
DA:608,0
DA:609,0
DA:616,0
DA:618,0
DA:619,0
DA:620,0
DA:625,0
DA:626,0
DA:627,0
DA:629,0
DA:631,0
DA:632,0
DA:657,0
DA:667,0
DA:674,0
DA:675,0
DA:676,0
DA:680,0
DA:681,0
DA:687,0
DA:694,0
DA:699,0
DA:700,0
DA:704,0
DA:708,0
DA:723,0
DA:727,0
DA:728,0
DA:735,0
DA:738,0
DA:742,0
DA:743,0
DA:747,0
DA:759,0
DA:760,0
DA:762,0
DA:765,0
DA:768,0
DA:769,0
DA:770,0
DA:772,0
DA:775,0
DA:778,0
DA:779,0
DA:784,0
DA:785,0
DA:793,0
DA:794,0
DA:800,0
DA:804,0
DA:808,0
DA:813,0
DA:814,0
DA:816,0
DA:818,0
DA:822,0
DA:827,0
DA:828,0
DA:830,0
DA:832,0
DA:837,0
DA:838,0
DA:842,0
DA:844,0
DA:852,0
DA:853,0
DA:854,0
DA:855,0
DA:858,0
DA:859,0
DA:862,0
DA:866,0
DA:867,0
DA:869,0
DA:871,0
DA:881,0
DA:885,0
DA:886,0
DA:887,0
DA:888,0
DA:889,0
DA:891,0
DA:892,0
DA:896,0
DA:901,0
DA:905,0
DA:911,0
DA:912,0
DA:913,0
DA:914,0
DA:918,0
DA:919,0
DA:920,0
DA:921,0
DA:922,0
DA:927,0
DA:928,0
DA:935,0
DA:936,0
DA:938,0
DA:942,0
DA:943,0
DA:944,0
DA:945,0
DA:946,0
DA:948,0
DA:954,0
DA:958,0
DA:963,0
DA:972,0
DA:973,0
DA:974,0
DA:976,0
DA:977,0
DA:978,0
DA:980,0
DA:981,0
DA:982,0
DA:983,0
DA:984,0
DA:985,0
DA:992,0
DA:996,0
DA:998,0
DA:1000,0
DA:1001,0
DA:1003,0
DA:1004,0
DA:1011,0
DA:1012,0
DA:1013,0
DA:1014,0
DA:1016,0
DA:1017,0
DA:1018,0
DA:1022,0
DA:1026,0
DA:1034,0
DA:1035,0
DA:1036,0
DA:1037,0
DA:1038,0
DA:1041,0
DA:1045,0
DA:1048,0
DA:1049,0
DA:1050,0
DA:1051,0
DA:1055,0
DA:1059,0
DA:1063,0
DA:1073,0
LF:342
LH:9
BRDA:1036,0,0,0
BRDA:1036,0,1,0
BRDA:1038,1,0,0
BRDA:1038,1,1,0
BRDA:83,2,0,0
BRDA:83,2,1,0
BRDA:173,3,0,0
BRDA:173,3,1,0
BRDA:189,4,0,0
BRDA:189,4,1,0
BRDA:196,5,0,0
BRDA:196,5,1,0
BRDA:196,6,0,0
BRDA:196,6,1,0
BRDA:199,7,0,0
BRDA:199,7,1,0
BRDA:206,8,0,0
BRDA:206,8,1,0
BRDA:223,9,0,0
BRDA:223,9,1,0
BRDA:222,10,0,0
BRDA:222,10,1,0
BRDA:223,11,0,0
BRDA:223,11,1,0
BRDA:222,12,0,0
BRDA:222,12,1,0
BRDA:225,13,0,0
BRDA:225,13,1,0
BRDA:225,14,0,0
BRDA:225,14,1,0
BRDA:226,15,0,0
BRDA:226,15,1,0
BRDA:226,16,0,0
BRDA:226,16,1,0
BRDA:226,17,0,0
BRDA:226,17,1,0
BRDA:226,18,0,0
BRDA:226,18,1,0
BRDA:229,19,0,0
BRDA:229,19,1,0
BRDA:229,20,0,0
BRDA:229,20,1,0
BRDA:230,21,0,0
BRDA:230,21,1,0
BRDA:230,22,0,0
BRDA:230,22,1,0
BRDA:230,23,0,0
BRDA:230,23,1,0
BRDA:230,24,0,0
BRDA:230,24,1,0
BRDA:230,25,0,0
BRDA:230,25,1,0
BRDA:230,26,0,0
BRDA:230,26,1,0
BRDA:239,27,0,0
BRDA:239,27,1,0
BRDA:239,28,0,0
BRDA:239,28,1,0
BRDA:239,29,0,0
BRDA:239,29,1,0
BRDA:239,30,0,0
BRDA:239,30,1,0
BRDA:239,31,0,0
BRDA:239,31,1,0
BRDA:239,32,0,0
BRDA:239,32,1,0
BRDA:239,33,0,0
BRDA:239,33,1,0
BRDA:245,34,0,0
BRDA:245,34,1,0
BRDA:245,35,0,0
BRDA:245,35,1,0
BRDA:245,36,0,0
BRDA:245,36,1,0
BRDA:245,37,0,0
BRDA:245,37,1,0
BRDA:245,38,0,0
BRDA:245,38,1,0
BRDA:245,39,0,0
BRDA:245,39,1,0
BRDA:245,40,0,0
BRDA:245,40,1,0
BRDA:256,41,0,0
BRDA:256,41,1,0
BRDA:256,42,0,0
BRDA:256,42,1,0
BRDA:256,43,0,0
BRDA:256,43,1,0
BRDA:256,44,0,0
BRDA:256,44,1,0
BRDA:256,45,0,0
BRDA:256,45,1,0
BRDA:256,46,0,0
BRDA:256,46,1,0
BRDA:257,47,0,0
BRDA:257,47,1,0
BRDA:257,48,0,0
BRDA:257,48,1,0
BRDA:257,49,0,0
BRDA:257,49,1,0
BRDA:257,50,0,0
BRDA:257,50,1,0
BRDA:259,51,0,0
BRDA:259,51,1,0
BRDA:259,52,0,0
BRDA:259,52,1,0
BRDA:259,53,0,0
BRDA:259,53,1,0
BRDA:261,54,0,0
BRDA:261,54,1,0
BRDA:261,55,0,0
BRDA:261,55,1,0
BRDA:261,56,0,0
BRDA:261,56,1,0
BRDA:261,57,0,0
BRDA:261,57,1,0
BRDA:263,58,0,0
BRDA:263,58,1,0
BRDA:263,59,0,0
BRDA:263,59,1,0
BRDA:263,60,0,0
BRDA:263,60,1,0
BRDA:276,61,0,0
BRDA:276,61,1,0
BRDA:316,62,0,0
BRDA:316,62,1,0
BRDA:315,63,0,0
BRDA:315,63,1,0
BRDA:320,64,0,0
BRDA:320,64,1,0
BRDA:319,65,0,0
BRDA:319,65,1,0
BRDA:324,66,0,0
BRDA:324,66,1,0
BRDA:323,67,0,0
BRDA:323,67,1,0
BRDA:339,68,0,0
BRDA:339,68,1,0
BRDA:338,69,0,0
BRDA:338,69,1,0
BRDA:339,70,0,0
BRDA:339,70,1,0
BRDA:338,71,0,0
BRDA:338,71,1,0
BRDA:382,72,0,0
BRDA:382,72,1,0
BRDA:404,73,0,0
BRDA:404,73,1,0
BRDA:404,74,0,0
BRDA:404,74,1,0
BRDA:421,75,0,0
BRDA:421,75,1,0
BRDA:428,76,0,0
BRDA:428,76,1,0
BRDA:451,77,0,0
BRDA:451,77,1,0
BRDA:467,78,0,0
BRDA:467,78,1,0
BRDA:471,79,0,0
BRDA:471,79,1,0
BRDA:476,80,0,0
BRDA:476,80,1,0
BRDA:476,80,2,0
BRDA:476,80,3,0
BRDA:476,80,4,0
BRDA:485,81,0,0
BRDA:485,81,1,0
BRDA:491,82,0,0
BRDA:491,82,1,0
BRDA:491,82,2,0
BRDA:491,82,3,0
BRDA:496,83,0,0
BRDA:496,83,1,0
BRDA:500,84,0,0
BRDA:500,84,1,0
BRDA:502,85,0,0
BRDA:502,85,1,0
BRDA:502,85,2,0
BRDA:511,86,0,0
BRDA:511,86,1,0
BRDA:518,87,0,0
BRDA:518,87,1,0
BRDA:518,87,2,0
BRDA:518,87,3,0
BRDA:518,87,4,0
BRDA:528,88,0,0
BRDA:528,88,1,0
BRDA:528,89,0,0
BRDA:528,89,1,0
BRDA:528,90,0,0
BRDA:528,90,1,0
BRDA:528,91,0,0
BRDA:528,91,1,0
BRDA:528,92,0,0
BRDA:528,92,1,0
BRDA:537,93,0,0
BRDA:537,93,1,0
BRDA:566,94,0,0
BRDA:566,94,1,0
BRDA:568,95,0,0
BRDA:568,95,1,0
BRDA:586,96,0,0
BRDA:586,96,1,0
BRDA:594,97,0,0
BRDA:594,97,1,0
BRDA:594,98,0,0
BRDA:594,98,1,0
BRDA:594,99,0,0
BRDA:594,99,1,0
BRDA:598,100,0,0
BRDA:598,100,1,0
BRDA:600,101,0,0
BRDA:600,101,1,0
BRDA:616,102,0,0
BRDA:616,102,1,0
BRDA:616,103,0,0
BRDA:616,103,1,0
BRDA:631,104,0,0
BRDA:631,104,1,0
BRDA:634,105,0,0
BRDA:634,105,1,0
BRDA:634,106,0,0
BRDA:634,106,1,0
BRDA:635,107,0,0
BRDA:635,107,1,0
BRDA:635,108,0,0
BRDA:635,108,1,0
BRDA:638,109,0,0
BRDA:638,109,1,0
BRDA:638,110,0,0
BRDA:638,110,1,0
BRDA:638,111,0,0
BRDA:638,111,1,0
BRDA:638,112,0,0
BRDA:638,112,1,0
BRDA:639,113,0,0
BRDA:639,113,1,0
BRDA:639,114,0,0
BRDA:639,114,1,0
BRDA:639,115,0,0
BRDA:639,115,1,0
BRDA:639,116,0,0
BRDA:639,116,1,0
BRDA:647,117,0,0
BRDA:647,117,1,0
BRDA:647,118,0,0
BRDA:647,118,1,0
BRDA:647,119,0,0
BRDA:647,119,1,0
BRDA:647,120,0,0
BRDA:647,120,1,0
BRDA:648,121,0,0
BRDA:648,121,1,0
BRDA:648,122,0,0
BRDA:648,122,1,0
BRDA:648,123,0,0
BRDA:648,123,1,0
BRDA:648,124,0,0
BRDA:648,124,1,0
BRDA:648,125,0,0
BRDA:648,125,1,0
BRDA:648,126,0,0
BRDA:648,126,1,0
BRDA:648,127,0,0
BRDA:648,127,1,0
BRDA:648,128,0,0
BRDA:648,128,1,0
BRDA:677,129,0,0
BRDA:677,129,1,0
BRDA:677,130,0,0
BRDA:677,130,1,0
BRDA:677,131,0,0
BRDA:677,131,1,0
BRDA:677,132,0,0
BRDA:677,132,1,0
BRDA:678,133,0,0
BRDA:678,133,1,0
BRDA:678,134,0,0
BRDA:678,134,1,0
BRDA:678,135,0,0
BRDA:678,135,1,0
BRDA:678,136,0,0
BRDA:678,136,1,0
BRDA:678,137,0,0
BRDA:678,137,1,0
BRDA:678,138,0,0
BRDA:678,138,1,0
BRDA:678,139,0,0
BRDA:678,139,1,0
BRDA:678,140,0,0
BRDA:678,140,1,0
BRDA:699,141,0,0
BRDA:699,141,1,0
BRDA:718,142,0,0
BRDA:718,142,1,0
BRDA:720,143,0,0
BRDA:720,143,1,0
BRDA:729,144,0,0
BRDA:729,144,1,0
BRDA:728,145,0,0
BRDA:728,145,1,0
BRDA:729,146,0,0
BRDA:729,146,1,0
BRDA:728,147,0,0
BRDA:728,147,1,0
BRDA:729,148,0,0
BRDA:729,148,1,0
BRDA:728,149,0,0
BRDA:728,149,1,0
BRDA:736,150,0,0
BRDA:736,150,1,0
BRDA:748,151,0,0
BRDA:748,151,1,0
BRDA:748,151,2,0
BRDA:750,152,0,0
BRDA:750,152,1,0
BRDA:750,153,0,0
BRDA:750,153,1,0
BRDA:751,154,0,0
BRDA:751,154,1,0
BRDA:751,155,0,0
BRDA:751,155,1,0
BRDA:759,156,0,0
BRDA:759,156,1,0
BRDA:769,157,0,0
BRDA:769,157,1,0
BRDA:791,158,0,0
BRDA:796,159,0,0
BRDA:796,159,1,0
BRDA:819,160,0,0
BRDA:819,160,1,0
BRDA:837,161,0,0
BRDA:837,161,1,0
BRDA:853,162,0,0
BRDA:853,162,1,0
BRDA:866,163,0,0
BRDA:866,163,1,0
BRDA:901,164,0,0
BRDA:901,164,1,0
BRDA:902,165,0,0
BRDA:902,165,1,0
BRDA:902,166,0,0
BRDA:902,166,1,0
BRDA:902,167,0,0
BRDA:902,167,1,0
BRDA:902,168,0,0
BRDA:902,168,1,0
BRDA:902,169,0,0
BRDA:902,169,1,0
BRDA:935,170,0,0
BRDA:935,170,1,0
BRDA:942,171,0,0
BRDA:942,171,1,0
BRDA:945,172,0,0
BRDA:945,172,1,0
BRDA:975,173,0,0
BRDA:975,173,1,0
BRDA:977,174,0,0
BRDA:977,174,1,0
BRDA:977,175,0,0
BRDA:977,175,1,0
BRDA:977,176,0,0
BRDA:977,176,1,0
BRDA:977,177,0,0
BRDA:977,177,1,0
BRDA:981,178,0,0
BRDA:981,178,1,0
BRDA:983,179,0,0
BRDA:983,179,1,0
BRDA:992,180,0,0
BRDA:992,180,1,0
BRDA:993,181,0,0
BRDA:993,181,1,0
BRDA:993,182,0,0
BRDA:993,182,1,0
BRDA:993,183,0,0
BRDA:993,183,1,0
BRDA:993,184,0,0
BRDA:993,184,1,0
BRDA:993,185,0,0
BRDA:993,185,1,0
BRDA:1000,186,0,0
BRDA:1000,186,1,0
BRDA:1013,187,0,0
BRDA:1013,187,1,0
BRDA:1013,188,0,0
BRDA:1013,188,1,0
BRDA:1016,189,0,0
BRDA:1016,189,1,0
BRDA:1016,190,0,0
BRDA:1016,190,1,0
BRDA:1046,191,0,0
BRDA:1046,191,1,0
BRDA:1059,192,0,0
BRDA:1059,192,1,0
BRDA:1059,193,0,0
BRDA:1059,193,1,0
BRDA:1059,194,0,0
BRDA:1059,194,1,0
BRDA:1059,195,0,0
BRDA:1059,195,1,0
BRDA:1059,196,0,0
BRDA:1059,196,1,0
BRDA:1059,197,0,0
BRDA:1059,197,1,0
BRDA:1064,198,0,0
BRDA:1064,198,1,0
BRDA:1064,199,0,0
BRDA:1064,199,1,0
BRDA:1064,200,0,0
BRDA:1064,200,1,0
BRDA:1066,201,0,0
BRDA:1066,201,1,0
BRDA:1065,202,0,0
BRDA:1065,202,1,0
BRF:415
BRH:0
end_of_record
TN:
SF:C:/HeadStart/OC-Headstart.RyanLauer/src/UI/seller/src/app/products/components/product-edit/size-tier.constants.ts
FNF:0
FNH:0
DA:1,1
DA:3,1
LF:2
LH:2
BRF:0
BRH:0
end_of_record
TN:
SF:C:/HeadStart/OC-Headstart.RyanLauer/src/UI/seller/src/app/products/components/product-edit/tab-mapper.ts
FN:1,setProductEditTab
FNF:1
FNH:0
FNDA:0,setProductEditTab
DA:2,0
DA:5,1
DA:15,1
LF:3
LH:2
BRF:0
BRH:0
end_of_record
TN:
SF:C:/HeadStart/OC-Headstart.RyanLauer/src/UI/seller/src/app/products/components/product-table/product-table.component.ts
FN:19,(anonymous_0)
FN:32,(anonymous_1)
FN:58,(anonymous_3)
FN:76,(anonymous_5)
FNF:4
FNH:4
FNDA:1,(anonymous_0)
FNDA:1,(anonymous_1)
FNDA:1,(anonymous_3)
FNDA:1,(anonymous_5)
DA:14,1
DA:20,1
DA:21,1
DA:22,1
DA:28,1
DA:29,1
DA:33,1
DA:35,1
DA:46,1
DA:50,1
DA:51,1
DA:53,1
DA:59,1
DA:62,1
DA:63,1
DA:64,0
DA:65,0
DA:73,0
DA:76,1
DA:77,1
DA:80,1
LF:21
LH:18
BRDA:46,0,0,1
BRDA:46,0,1,0
BRDA:47,1,0,1
BRDA:47,1,1,0
BRDA:63,2,0,0
BRDA:63,2,1,1
BRF:6
BRH:3
end_of_record
TN:
SF:C:/HeadStart/OC-Headstart.RyanLauer/src/UI/seller/src/app/promotions/promotion.service.ts
FN:51,(anonymous_0)
FN:65,(anonymous_1)
FN:75,(anonymous_2)
FN:77,(anonymous_3)
FN:125,(anonymous_4)
FNF:5
FNH:0
FNDA:0,(anonymous_0)
FNDA:0,(anonymous_1)
FNDA:0,(anonymous_2)
FNDA:0,(anonymous_3)
FNDA:0,(anonymous_4)
DA:19,1
DA:20,0
DA:56,0
DA:69,0
DA:70,0
DA:72,0
DA:73,0
DA:75,0
DA:76,0
DA:78,0
DA:83,0
DA:88,0
DA:89,0
DA:91,0
DA:93,0
DA:96,0
DA:97,0
DA:100,0
DA:102,0
DA:104,0
DA:106,0
DA:107,0
DA:108,0
DA:111,0
DA:113,0
DA:115,0
DA:117,0
DA:118,0
DA:122,0
DA:129,0
DA:130,0
DA:132,0
DA:133,0
DA:134,0
DA:136,0
DA:137,0
DA:139,0
DA:141,0
DA:142,0
DA:144,0
DA:145,0
DA:147,0
DA:149,0
DA:150,0
DA:154,0
DA:155,0
DA:157,0
DA:159,0
DA:160,0
DA:162,0
LF:50
LH:1
BRDA:71,0,0,0
BRDA:71,0,1,0
BRDA:71,0,2,0
BRDA:70,1,0,0
BRDA:70,1,1,0
BRDA:70,2,0,0
BRDA:70,2,1,0
BRDA:72,3,0,0
BRDA:72,3,1,0
BRDA:72,4,0,0
BRDA:72,4,1,0
BRDA:75,5,0,0
BRDA:75,5,1,0
BRDA:75,6,0,0
BRDA:75,6,1,0
BRDA:75,7,0,0
BRDA:75,7,1,0
BRDA:75,8,0,0
BRDA:75,8,1,0
BRDA:80,9,0,0
BRDA:80,9,1,0
BRDA:92,10,0,0
BRDA:92,10,1,0
BRDA:91,11,0,0
BRDA:91,11,1,0
BRDA:91,12,0,0
BRDA:91,12,1,0
BRDA:91,13,0,0
BRDA:91,13,1,0
BRDA:91,14,0,0
BRDA:91,14,1,0
BRDA:93,15,0,0
BRDA:93,15,1,0
BRDA:94,16,0,0
BRDA:94,16,1,0
BRDA:94,17,0,0
BRDA:94,17,1,0
BRDA:96,18,0,0
BRDA:96,18,1,0
BRDA:96,19,0,0
BRDA:96,19,1,0
BRDA:96,20,0,0
BRDA:96,20,1,0
BRDA:96,21,0,0
BRDA:96,21,1,0
BRDA:96,22,0,0
BRDA:96,22,1,0
BRDA:96,23,0,0
BRDA:96,23,1,0
BRDA:97,24,0,0
BRDA:97,24,1,0
BRDA:98,25,0,0
BRDA:98,25,1,0
BRDA:98,26,0,0
BRDA:98,26,1,0
BRDA:100,27,0,0
BRDA:100,27,1,0
BRDA:100,28,0,0
BRDA:100,28,1,0
BRDA:100,29,0,0
BRDA:100,29,1,0
BRDA:100,30,0,0
BRDA:100,30,1,0
BRDA:102,31,0,0
BRDA:102,31,1,0
BRDA:102,32,0,0
BRDA:102,32,1,0
BRDA:102,33,0,0
BRDA:102,33,1,0
BRDA:102,34,0,0
BRDA:102,34,1,0
BRDA:106,35,0,0
BRDA:106,35,1,0
BRDA:107,36,0,0
BRDA:107,36,1,0
BRDA:107,37,0,0
BRDA:107,37,1,0
BRDA:107,38,0,0
BRDA:107,38,1,0
BRDA:107,39,0,0
BRDA:107,39,1,0
BRDA:107,40,0,0
BRDA:107,40,1,0
BRDA:107,41,0,0
BRDA:107,41,1,0
BRDA:108,42,0,0
BRDA:108,42,1,0
BRDA:109,43,0,0
BRDA:109,43,1,0
BRDA:109,44,0,0
BRDA:109,44,1,0
BRDA:111,45,0,0
BRDA:111,45,1,0
BRDA:111,46,0,0
BRDA:111,46,1,0
BRDA:111,47,0,0
BRDA:111,47,1,0
BRDA:111,48,0,0
BRDA:111,48,1,0
BRDA:113,49,0,0
BRDA:113,49,1,0
BRDA:113,50,0,0
BRDA:113,50,1,0
BRDA:113,51,0,0
BRDA:113,51,1,0
BRDA:113,52,0,0
BRDA:113,52,1,0
BRDA:117,53,0,0
BRDA:117,53,1,0
BRDA:117,54,0,0
BRDA:117,54,1,0
BRDA:117,55,0,0
BRDA:117,55,1,0
BRDA:119,56,0,0
BRDA:119,56,1,0
BRDA:118,57,0,0
BRDA:118,57,1,0
BRDA:118,58,0,0
BRDA:118,58,1,0
BRDA:118,59,0,0
BRDA:118,59,1,0
BRDA:118,60,0,0
BRDA:118,60,1,0
BRDA:119,61,0,0
BRDA:119,61,1,0
BRDA:119,62,0,0
BRDA:119,62,1,0
BRDA:120,63,0,0
BRDA:120,63,1,0
BRDA:120,64,0,0
BRDA:120,64,1,0
BRDA:131,65,0,0
BRDA:131,65,1,0
BRDA:131,65,2,0
BRDA:130,66,0,0
BRDA:130,66,1,0
BRDA:130,67,0,0
BRDA:130,67,1,0
BRDA:133,68,0,0
BRDA:133,68,1,0
BRDA:133,69,0,0
BRDA:133,69,1,0
BRDA:133,70,0,0
BRDA:133,70,1,0
BRDA:134,71,0,0
BRDA:134,71,1,0
BRDA:134,72,0,0
BRDA:134,72,1,0
BRDA:136,73,0,0
BRDA:136,73,1,0
BRDA:136,74,0,0
BRDA:136,74,1,0
BRDA:136,75,0,0
BRDA:136,75,1,0
BRDA:137,76,0,0
BRDA:137,76,1,0
BRDA:137,77,0,0
BRDA:137,77,1,0
BRDA:137,78,0,0
BRDA:137,78,1,0
BRDA:137,79,0,0
BRDA:137,79,1,0
BRDA:141,80,0,0
BRDA:141,80,1,0
BRDA:141,81,0,0
BRDA:141,81,1,0
BRDA:141,82,0,0
BRDA:141,82,1,0
BRDA:142,83,0,0
BRDA:142,83,1,0
BRDA:142,84,0,0
BRDA:142,84,1,0
BRDA:144,85,0,0
BRDA:144,85,1,0
BRDA:144,86,0,0
BRDA:144,86,1,0
BRDA:144,87,0,0
BRDA:144,87,1,0
BRDA:145,88,0,0
BRDA:145,88,1,0
BRDA:145,89,0,0
BRDA:145,89,1,0
BRDA:149,90,0,0
BRDA:149,90,1,0
BRDA:149,91,0,0
BRDA:149,91,1,0
BRDA:149,92,0,0
BRDA:149,92,1,0
BRDA:154,93,0,0
BRDA:154,93,1,0
BRDA:154,94,0,0
BRDA:154,94,1,0
BRDA:154,95,0,0
BRDA:154,95,1,0
BRDA:155,96,0,0
BRDA:155,96,1,0
BRDA:155,97,0,0
BRDA:155,97,1,0
BRDA:159,98,0,0
BRDA:159,98,1,0
BRDA:159,99,0,0
BRDA:159,99,1,0
BRDA:159,100,0,0
BRDA:159,100,1,0
BRF:204
BRH:0
end_of_record
TN:
SF:C:/HeadStart/OC-Headstart.RyanLauer/src/UI/seller/src/app/promotions/components/promotion-table/promotion-table.component.ts
FN:13,(anonymous_0)
FNF:1
FNH:1
FNDA:1,(anonymous_0)
DA:12,1
DA:14,1
DA:20,1
LF:3
LH:3
BRF:0
BRH:0
end_of_record
TN:
SF:C:/HeadStart/OC-Headstart.RyanLauer/src/UI/seller/src/app/reports/orchestration-logs.service.ts
FN:21,(anonymous_0)
FN:36,(anonymous_1)
FNF:2
FNH:0
FNDA:0,(anonymous_0)
FNDA:0,(anonymous_1)
DA:18,1
DA:19,0
DA:26,0
DA:37,0
DA:38,0
DA:39,0
LF:6
LH:1
BRDA:38,0,0,0
BRDA:38,0,1,0
BRF:2
BRH:0
end_of_record
TN:
SF:C:/HeadStart/OC-Headstart.RyanLauer/src/UI/seller/src/app/reports/components/orchestration-logs-table/orchestration-logs-table.component.ts
FN:15,(anonymous_0)
FNF:1
FNH:1
FNDA:1,(anonymous_0)
DA:12,1
DA:13,1
DA:16,1
DA:22,1
DA:25,1
LF:5
LH:5
BRF:0
BRH:0
end_of_record
TN:
SF:C:/HeadStart/OC-Headstart.RyanLauer/src/UI/seller/src/app/seller-users/seller-user.service.ts
FN:13,(anonymous_0)
FNF:1
FNH:0
FNDA:0,(anonymous_0)
DA:12,1
DA:18,0
DA:28,0
LF:3
LH:1
BRF:0
BRH:0
end_of_record
TN:
SF:C:/HeadStart/OC-Headstart.RyanLauer/src/UI/seller/src/app/seller-users/components/seller-user-table/seller-user-table.component.ts
FN:12,(anonymous_0)
FNF:1
FNH:1
FNDA:1,(anonymous_0)
DA:11,1
DA:19,1
LF:2
LH:2
BRF:0
BRH:0
end_of_record
TN:
SF:C:/HeadStart/OC-Headstart.RyanLauer/src/UI/seller/src/app/shared/shared-routing.module.ts
FNF:0
FNH:0
DA:9,1
LF:1
LH:1
BRF:0
BRH:0
end_of_record
TN:
SF:C:/HeadStart/OC-Headstart.RyanLauer/src/UI/seller/src/app/shared/shared.module.ts
FN:188,(anonymous_0)
FNF:1
FNH:0
FNDA:0,(anonymous_0)
DA:187,1
DA:189,0
LF:2
LH:1
BRF:0
BRH:0
end_of_record
TN:
SF:C:/HeadStart/OC-Headstart.RyanLauer/src/UI/seller/src/app/shared/components/action-menu/action-menu.component.ts
FN:9,(anonymous_0)
FN:43,(anonymous_1)
FN:47,(anonymous_2)
FN:51,(anonymous_3)
FN:59,(anonymous_4)
FN:63,(anonymous_5)
FN:78,(anonymous_6)
FNF:7
FNH:0
FNDA:0,(anonymous_0)
FNDA:0,(anonymous_1)
FNDA:0,(anonymous_2)
FNDA:0,(anonymous_3)
FNDA:0,(anonymous_4)
FNDA:0,(anonymous_5)
FNDA:0,(anonymous_6)
DA:9,1
DA:11,1
DA:13,1
DA:15,1
DA:17,1
DA:19,1
DA:21,1
DA:23,1
DA:25,1
DA:27,1
DA:29,1
DA:31,1
DA:33,1
DA:35,1
DA:37,1
DA:39,1
DA:41,0
DA:44,0
DA:48,0
DA:52,0
DA:53,0
DA:55,0
DA:60,0
DA:64,0
DA:65,0
DA:67,0
DA:68,0
DA:70,0
DA:71,0
DA:73,0
DA:79,0
LF:31
LH:16
BRDA:52,0,0,0
BRDA:52,0,1,0
BRDA:64,1,0,0
BRDA:64,1,1,0
BRDA:67,2,0,0
BRDA:67,2,1,0
BRDA:70,3,0,0
BRDA:70,3,1,0
BRDA:74,4,0,0
BRDA:74,4,1,0
BRF:10
BRH:0
end_of_record
TN:
SF:C:/HeadStart/OC-Headstart.RyanLauer/src/UI/seller/src/app/shared/components/address-form/address-form.component.ts
FN:24,(anonymous_0)
FN:128,(anonymous_1)
FN:130,(anonymous_2)
FN:33,(anonymous_3)
FN:38,(anonymous_4)
FN:61,(anonymous_5)
FN:101,(anonymous_6)
FN:105,(anonymous_7)
FN:117,(anonymous_8)
FNF:9
FNH:9
FNDA:5,(anonymous_0)
FNDA:71,(anonymous_1)
FNDA:60,(anonymous_2)
FNDA:6,(anonymous_3)
FNDA:5,(anonymous_4)
FNDA:11,(anonymous_5)
FNDA:11,(anonymous_6)
FNDA:682,(anonymous_7)
FNDA:2,(anonymous_8)
DA:14,1
DA:15,5
DA:17,1
DA:19,6
DA:20,5
DA:25,5
DA:26,5
DA:27,5
DA:28,5
DA:30,5
DA:34,6
DA:38,1
DA:39,5
DA:40,5
DA:41,5
DA:42,5
DA:45,0
DA:58,0
DA:62,11
DA:98,11
DA:102,11
DA:103,11
DA:105,682
DA:106,11
DA:112,11
DA:113,0
DA:118,2
DA:119,1
DA:121,1
DA:128,5
DA:129,71
DA:130,5
DA:131,60
LF:33
LH:30
BRDA:39,0,0,5
BRDA:39,0,1,0
BRDA:40,1,0,5
BRDA:40,1,1,0
BRDA:46,2,0,0
BRDA:46,2,1,0
BRDA:47,3,0,0
BRDA:47,3,1,0
BRDA:48,4,0,0
BRDA:48,4,1,0
BRDA:49,5,0,0
BRDA:49,5,1,0
BRDA:50,6,0,0
BRDA:50,6,1,0
BRDA:51,7,0,0
BRDA:51,7,1,0
BRDA:52,8,0,0
BRDA:52,8,1,0
BRDA:53,9,0,0
BRDA:53,9,1,0
BRDA:54,10,0,0
BRDA:54,10,1,0
BRDA:55,11,0,0
BRDA:55,11,1,0
BRDA:56,12,0,0
BRDA:56,12,1,0
BRDA:64,13,0,11
BRDA:64,13,1,0
BRDA:67,14,0,11
BRDA:67,14,1,0
BRDA:69,15,0,11
BRDA:69,15,1,0
BRDA:73,16,0,11
BRDA:73,16,1,0
BRDA:76,17,0,11
BRDA:76,17,1,0
BRDA:77,18,0,11
BRDA:77,18,1,11
BRDA:79,19,0,11
BRDA:79,19,1,0
BRDA:82,20,0,11
BRDA:82,20,1,0
BRDA:84,21,0,11
BRDA:84,21,1,0
BRDA:92,22,0,11
BRDA:92,22,1,0
BRDA:94,23,0,11
BRDA:94,23,1,0
BRDA:112,24,0,0
BRDA:112,24,1,11
BRDA:118,25,0,1
BRDA:118,25,1,1
BRF:52
BRH:17
end_of_record
TN:
SF:C:/HeadStart/OC-Headstart.RyanLauer/src/UI/seller/src/app/shared/components/address-suggestion/address-suggestion.component.ts
FN:16,(anonymous_0)
FN:18,(anonymous_1)
FNF:2
FNH:0
FNDA:0,(anonymous_0)
FNDA:0,(anonymous_1)
DA:10,1
DA:12,1
DA:14,1
DA:19,0
DA:20,0
LF:5
LH:3
BRF:0
BRH:0
end_of_record
TN:
SF:C:/HeadStart/OC-Headstart.RyanLauer/src/UI/seller/src/app/shared/components/buyer-visibility/buyer-visibility-configuration/buyer-visibility-configuration.component.ts
FN:68,(anonymous_0)
FN:30,(anonymous_1)
FN:36,(anonymous_2)
FN:77,(anonymous_3)
FN:97,(anonymous_5)
FN:102,(anonymous_6)
FN:107,(anonymous_7)
FN:109,(anonymous_8)
FN:113,(anonymous_9)
FN:116,(anonymous_11)
FN:116,(anonymous_12)
FN:125,(anonymous_13)
FN:131,(anonymous_15)
FN:133,(anonymous_17)
FN:133,(anonymous_18)
FN:134,(anonymous_19)
FN:134,(anonymous_20)
FN:146,(anonymous_21)
FN:149,(anonymous_23)
FN:166,(anonymous_24)
FN:174,(anonymous_25)
FN:178,(anonymous_26)
FN:184,(anonymous_27)
FN:194,(anonymous_29)
FN:206,(anonymous_31)
FN:207,(anonymous_33)
FN:216,(anonymous_34)
FN:222,(anonymous_35)
FN:228,(anonymous_37)
FN:233,(anonymous_38)
FN:234,(anonymous_40)
FN:243,(anonymous_41)
FN:250,(anonymous_43)
FN:269,(anonymous_45)
FN:280,(anonymous_47)
FN:301,(anonymous_49)
FN:317,(anonymous_51)
FN:319,(anonymous_52)
FN:325,(anonymous_53)
FN:333,(anonymous_54)
FN:336,(anonymous_55)
FN:338,(anonymous_56)
FN:343,(anonymous_57)
FN:351,(anonymous_58)
FN:353,(anonymous_59)
FN:358,(anonymous_60)
FN:367,(anonymous_61)
FN:372,(anonymous_62)
FNF:48
FNH:0
FNDA:0,(anonymous_0)
FNDA:0,(anonymous_1)
FNDA:0,(anonymous_2)
FNDA:0,(anonymous_3)
FNDA:0,(anonymous_5)
FNDA:0,(anonymous_6)
FNDA:0,(anonymous_7)
FNDA:0,(anonymous_8)
FNDA:0,(anonymous_9)
FNDA:0,(anonymous_11)
FNDA:0,(anonymous_12)
FNDA:0,(anonymous_13)
FNDA:0,(anonymous_15)
FNDA:0,(anonymous_17)
FNDA:0,(anonymous_18)
FNDA:0,(anonymous_19)
FNDA:0,(anonymous_20)
FNDA:0,(anonymous_21)
FNDA:0,(anonymous_23)
FNDA:0,(anonymous_24)
FNDA:0,(anonymous_25)
FNDA:0,(anonymous_26)
FNDA:0,(anonymous_27)
FNDA:0,(anonymous_29)
FNDA:0,(anonymous_31)
FNDA:0,(anonymous_33)
FNDA:0,(anonymous_34)
FNDA:0,(anonymous_35)
FNDA:0,(anonymous_37)
FNDA:0,(anonymous_38)
FNDA:0,(anonymous_40)
FNDA:0,(anonymous_41)
FNDA:0,(anonymous_43)
FNDA:0,(anonymous_45)
FNDA:0,(anonymous_47)
FNDA:0,(anonymous_49)
FNDA:0,(anonymous_51)
FNDA:0,(anonymous_52)
FNDA:0,(anonymous_53)
FNDA:0,(anonymous_54)
FNDA:0,(anonymous_55)
FNDA:0,(anonymous_56)
FNDA:0,(anonymous_57)
FNDA:0,(anonymous_58)
FNDA:0,(anonymous_59)
FNDA:0,(anonymous_60)
FNDA:0,(anonymous_61)
FNDA:0,(anonymous_62)
DA:26,1
DA:27,0
DA:28,0
DA:30,1
DA:31,0
DA:32,0
DA:36,1
DA:37,0
DA:38,0
DA:41,0
DA:42,0
DA:44,0
DA:45,0
DA:47,0
DA:48,0
DA:50,0
DA:51,0
DA:54,0
DA:55,0
DA:57,0
DA:58,0
DA:59,0
DA:60,0
DA:62,0
DA:66,0
DA:69,0
DA:70,0
DA:71,0
DA:72,0
DA:73,0
DA:74,0
DA:78,0
DA:83,0
DA:84,0
DA:85,0
DA:86,0
DA:87,0
DA:88,0
DA:92,0
DA:93,0
DA:98,0
DA:99,0
DA:103,0
DA:104,0
DA:108,0
DA:109,0
DA:114,0
DA:115,0
DA:116,0
DA:117,0
DA:120,0
DA:122,0
DA:126,0
DA:127,0
DA:132,0
DA:133,0
DA:134,0
DA:135,0
DA:147,0
DA:148,0
DA:149,0
DA:152,0
DA:157,0
DA:162,0
DA:163,0
DA:167,0
DA:175,0
DA:179,0
DA:180,0
DA:181,0
DA:185,0
DA:191,0
DA:195,0
DA:203,0
DA:207,0
DA:208,0
DA:212,0
DA:215,0
DA:216,0
DA:219,0
DA:223,0
DA:228,0
DA:229,0
DA:230,0
DA:234,0
DA:235,0
DA:237,0
DA:240,0
DA:244,0
DA:247,0
DA:256,0
DA:257,0
DA:259,0
DA:262,0
DA:270,0
DA:271,0
DA:281,0
DA:282,0
DA:283,0
DA:289,0
DA:294,0
DA:295,0
DA:296,0
DA:297,0
DA:298,0
DA:306,0
DA:307,0
DA:311,0
DA:313,0
DA:318,0
DA:320,0
DA:324,0
DA:326,0
DA:330,0
DA:334,0
DA:337,0
DA:339,0
DA:344,0
DA:349,0
DA:352,0
DA:354,0
DA:359,0
DA:364,0
DA:368,0
DA:369,0
DA:373,0
LF:126
LH:3
BRDA:78,0,0,0
BRDA:78,0,1,0
BRDA:79,1,0,0
BRDA:79,1,1,0
BRDA:79,1,2,0
BRDA:88,2,0,0
BRDA:88,2,1,0
BRDA:89,3,0,0
BRDA:89,3,1,0
BRDA:90,4,0,0
BRDA:90,4,1,0
BRDA:90,5,0,0
BRDA:90,5,1,0
BRDA:90,6,0,0
BRDA:90,6,1,0
BRDA:90,7,0,0
BRDA:90,7,1,0
BRDA:118,8,0,0
BRDA:118,8,1,0
BRDA:132,9,0,0
BRDA:132,9,1,0
BRDA:132,10,0,0
BRDA:132,10,1,0
BRDA:132,11,0,0
BRDA:132,11,1,0
BRDA:147,12,0,0
BRDA:147,12,1,0
BRDA:168,13,0,0
BRDA:168,13,1,0
BRDA:168,13,2,0
BRDA:168,13,3,0
BRDA:251,14,0,0
BRDA:256,15,0,0
BRDA:256,15,1,0
BRDA:270,16,0,0
BRDA:270,16,1,0
BRF:36
BRH:0
end_of_record
TN:
SF:C:/HeadStart/OC-Headstart.RyanLauer/src/UI/seller/src/app/shared/components/buyer-visibility/chili-publish-configuration/chili-publish-configuration.componant.ts
FN:86,(anonymous_0)
FN:62,(anonymous_1)
FN:67,(anonymous_2)
FN:72,(anonymous_3)
FN:77,(anonymous_4)
FN:82,(anonymous_5)
FN:83,(anonymous_6)
FN:83,(anonymous_7)
FN:91,(anonymous_8)
FN:96,(anonymous_9)
FN:97,(anonymous_10)
FN:100,(anonymous_11)
FN:110,(anonymous_13)
FN:119,(anonymous_15)
FN:134,(anonymous_16)
FN:138,(anonymous_18)
FN:147,(anonymous_19)
FN:153,(anonymous_21)
FN:154,(anonymous_23)
FN:191,(anonymous_24)
FN:198,(anonymous_25)
FN:214,(anonymous_26)
FN:221,(anonymous_28)
FN:234,(anonymous_29)
FN:237,(anonymous_31)
FN:240,(anonymous_33)
FN:245,(anonymous_35)
FN:252,(anonymous_37)
FN:262,(anonymous_39)
FN:268,(anonymous_40)
FN:277,(anonymous_42)
FNF:31
FNH:0
FNDA:0,(anonymous_0)
FNDA:0,(anonymous_1)
FNDA:0,(anonymous_2)
FNDA:0,(anonymous_3)
FNDA:0,(anonymous_4)
FNDA:0,(anonymous_5)
FNDA:0,(anonymous_6)
FNDA:0,(anonymous_7)
FNDA:0,(anonymous_8)
FNDA:0,(anonymous_9)
FNDA:0,(anonymous_10)
FNDA:0,(anonymous_11)
FNDA:0,(anonymous_13)
FNDA:0,(anonymous_15)
FNDA:0,(anonymous_16)
FNDA:0,(anonymous_18)
FNDA:0,(anonymous_19)
FNDA:0,(anonymous_21)
FNDA:0,(anonymous_23)
FNDA:0,(anonymous_24)
FNDA:0,(anonymous_25)
FNDA:0,(anonymous_26)
FNDA:0,(anonymous_28)
FNDA:0,(anonymous_29)
FNDA:0,(anonymous_31)
FNDA:0,(anonymous_33)
FNDA:0,(anonymous_35)
FNDA:0,(anonymous_37)
FNDA:0,(anonymous_39)
FNDA:0,(anonymous_40)
FNDA:0,(anonymous_42)
DA:33,1
DA:35,1
DA:36,0
DA:38,0
DA:39,0
DA:40,0
DA:41,0
DA:42,0
DA:44,0
DA:45,0
DA:46,0
DA:47,0
DA:48,0
DA:49,0
DA:51,0
DA:52,0
DA:53,0
DA:54,0
DA:55,0
DA:56,0
DA:58,0
DA:59,0
DA:62,1
DA:63,0
DA:67,1
DA:68,0
DA:72,1
DA:73,0
DA:77,1
DA:78,0
DA:82,1
DA:83,0
DA:87,0
DA:88,0
DA:92,0
DA:93,0
DA:97,0
DA:101,0
DA:102,0
DA:105,0
DA:106,0
DA:112,0
DA:113,0
DA:114,0
DA:118,0
DA:119,0
DA:120,0
DA:124,0
DA:125,0
DA:128,0
DA:129,0
DA:135,0
DA:136,0
DA:137,0
DA:138,0
DA:142,0
DA:143,0
DA:144,0
DA:148,0
DA:149,0
DA:150,0
DA:154,0
DA:155,0
DA:161,0
DA:165,0
DA:168,0
DA:171,0
DA:181,0
DA:185,0
DA:189,0
DA:190,0
DA:192,0
DA:193,0
DA:195,0
DA:198,0
DA:201,0
DA:211,0
DA:212,0
DA:215,0
DA:221,0
DA:222,0
DA:224,0
DA:227,0
DA:230,0
DA:235,0
DA:238,0
DA:241,0
DA:242,0
DA:243,0
DA:246,0
DA:247,0
DA:250,0
DA:256,0
DA:257,0
DA:258,0
DA:262,0
DA:263,0
DA:264,0
DA:272,0
DA:273,0
DA:278,0
DA:281,0
DA:285,0
LF:103
LH:7
BRDA:101,0,0,0
BRDA:101,0,1,0
BRDA:118,1,0,0
BRDA:118,1,1,0
BRDA:120,2,0,0
BRDA:120,2,1,0
BRDA:121,3,0,0
BRDA:121,3,1,0
BRDA:128,4,0,0
BRDA:128,4,1,0
BRDA:162,5,0,0
BRDA:162,5,1,0
BRDA:175,6,0,0
BRDA:175,6,1,0
BRDA:181,7,0,0
BRDA:181,7,1,0
BRDA:182,8,0,0
BRDA:182,8,1,0
BRDA:192,9,0,0
BRDA:192,9,1,0
BRDA:192,10,0,0
BRDA:192,10,1,0
BRDA:215,11,0,0
BRDA:215,11,1,0
BRDA:263,12,0,0
BRDA:263,12,1,0
BRF:26
BRH:0
end_of_record
TN:
SF:C:/HeadStart/OC-Headstart.RyanLauer/src/UI/seller/src/app/shared/components/buyer-visibility/product-category-assignment/product-category-assignment.component.ts
FN:55,(anonymous_0)
FN:24,(anonymous_1)
FN:28,(anonymous_2)
FN:57,(anonymous_3)
FN:64,(anonymous_5)
FN:69,(anonymous_6)
FN:81,(anonymous_8)
FN:92,(anonymous_10)
FN:101,(anonymous_12)
FN:106,(anonymous_13)
FN:108,(anonymous_14)
FN:112,(anonymous_15)
FN:117,(anonymous_16)
FN:127,(anonymous_17)
FN:128,(anonymous_18)
FN:130,(anonymous_19)
FNF:16
FNH:0
FNDA:0,(anonymous_0)
FNDA:0,(anonymous_1)
FNDA:0,(anonymous_2)
FNDA:0,(anonymous_3)
FNDA:0,(anonymous_5)
FNDA:0,(anonymous_6)
FNDA:0,(anonymous_8)
FNDA:0,(anonymous_10)
FNDA:0,(anonymous_12)
FNDA:0,(anonymous_13)
FNDA:0,(anonymous_14)
FNDA:0,(anonymous_15)
FNDA:0,(anonymous_16)
FNDA:0,(anonymous_17)
FNDA:0,(anonymous_18)
FNDA:0,(anonymous_19)
DA:14,1
DA:16,1
DA:18,0
DA:19,0
DA:21,0
DA:24,1
DA:25,0
DA:28,1
DA:29,0
DA:30,0
DA:34,1
DA:38,0
DA:39,0
DA:40,0
DA:42,0
DA:43,0
DA:44,0
DA:46,0
DA:47,0
DA:49,0
DA:50,0
DA:52,0
DA:53,0
DA:55,0
DA:58,0
DA:61,0
DA:65,0
DA:66,0
DA:70,0
DA:82,0
DA:83,0
DA:84,0
DA:85,0
DA:86,0
DA:87,0
DA:88,0
DA:89,0
DA:93,0
DA:94,0
DA:95,0
DA:96,0
DA:97,0
DA:98,0
DA:102,0
DA:103,0
DA:107,0
DA:108,0
DA:110,0
DA:111,0
DA:112,0
DA:115,0
DA:116,0
DA:117,0
DA:120,0
DA:124,0
DA:128,0
DA:131,0
DA:134,0
DA:135,0
DA:136,0
LF:60
LH:5
BRDA:110,0,0,0
BRDA:110,0,1,0
BRDA:115,1,0,0
BRDA:115,1,1,0
BRF:4
BRH:0
end_of_record
TN:
SF:C:/HeadStart/OC-Headstart.RyanLauer/src/UI/seller/src/app/shared/components/buyer-visibility/product-visibility-assignments/product-visibility-assignments.component.ts
FN:30,(anonymous_0)
FN:35,(anonymous_1)
FN:40,(anonymous_2)
FN:44,(anonymous_3)
FN:48,(anonymous_4)
FN:53,(anonymous_6)
FN:63,(anonymous_8)
FN:67,(anonymous_9)
FN:73,(anonymous_10)
FN:75,(anonymous_11)
FN:84,(anonymous_12)
FN:93,(anonymous_13)
FNF:12
FNH:0
FNDA:0,(anonymous_0)
FNDA:0,(anonymous_1)
FNDA:0,(anonymous_2)
FNDA:0,(anonymous_3)
FNDA:0,(anonymous_4)
FNDA:0,(anonymous_6)
FNDA:0,(anonymous_8)
FNDA:0,(anonymous_9)
FNDA:0,(anonymous_10)
FNDA:0,(anonymous_11)
FNDA:0,(anonymous_12)
FNDA:0,(anonymous_13)
DA:17,1
DA:19,1
DA:26,0
DA:27,0
DA:28,0
DA:31,0
DA:32,0
DA:36,0
DA:37,0
DA:41,0
DA:45,0
DA:49,0
DA:50,0
DA:56,0
DA:59,0
DA:60,0
DA:64,0
DA:68,0
DA:74,0
DA:76,0
DA:83,0
DA:85,0
DA:89,0
DA:90,0
DA:94,0
DA:95,0
LF:26
LH:2
BRDA:57,0,0,0
BRDA:57,0,1,0
BRDA:65,1,0,0
BRDA:65,1,1,0
BRDA:76,2,0,0
BRDA:76,2,1,0
BRDA:89,3,0,0
BRDA:89,3,1,0
BRDA:90,4,0,0
BRDA:90,4,1,0
BRF:10
BRH:0
end_of_record
TN:
SF:C:/HeadStart/OC-Headstart.RyanLauer/src/UI/seller/src/app/shared/components/buyer-visibility/variable-print-configuration/variable-print-configuration.component.ts
FN:58,(anonymous_0)
FN:34,(anonymous_1)
FN:39,(anonymous_2)
FN:44,(anonymous_3)
FN:49,(anonymous_4)
FN:54,(anonymous_5)
FN:60,(anonymous_6)
FNF:7
FNH:0
FNDA:0,(anonymous_0)
FNDA:0,(anonymous_1)
FNDA:0,(anonymous_2)
FNDA:0,(anonymous_3)
FNDA:0,(anonymous_4)
FNDA:0,(anonymous_5)
FNDA:0,(anonymous_6)
DA:22,1
DA:24,1
DA:25,0
DA:27,0
DA:28,0
DA:29,0
DA:30,0
DA:31,0
DA:34,1
DA:35,0
DA:39,1
DA:40,0
DA:44,1
DA:45,0
DA:49,1
DA:50,0
DA:54,1
DA:55,0
LF:18
LH:7
BRF:0
BRH:0
end_of_record
TN:
SF:C:/HeadStart/OC-Headstart.RyanLauer/src/UI/seller/src/app/shared/components/carousel-slide-display/carousel-slide-display.component.ts
FN:29,(anonymous_0)
FN:88,(anonymous_1)
FN:36,(anonymous_2)
FN:50,(anonymous_3)
FN:71,(anonymous_4)
FN:76,(anonymous_5)
FN:80,(anonymous_6)
FNF:7
FNH:6
FNDA:7,(anonymous_0)
FNDA:36,(anonymous_1)
FNDA:7,(anonymous_2)
FNDA:0,(anonymous_3)
FNDA:3,(anonymous_4)
FNDA:1,(anonymous_5)
FNDA:23,(anonymous_6)
DA:17,1
DA:19,1
DA:21,8
DA:23,8
DA:25,7
DA:26,7
DA:27,7
DA:30,7
DA:31,7
DA:32,7
DA:33,7
DA:37,7
DA:51,0
DA:52,0
DA:53,0
DA:62,0
DA:63,0
DA:72,3
DA:73,1
DA:77,1
DA:81,23
DA:88,7
DA:89,36
LF:23
LH:18
BRDA:38,0,0,7
BRDA:38,0,1,0
BRDA:40,1,0,7
BRDA:40,1,1,0
BRDA:44,2,0,7
BRDA:44,2,1,0
BRDA:52,3,0,0
BRDA:52,3,1,0
BRDA:72,4,0,2
BRDA:72,4,1,1
BRDA:82,5,0,23
BRDA:82,5,1,17
BRDA:82,5,2,6
BRF:13
BRH:8
end_of_record
TN:
SF:C:/HeadStart/OC-Headstart.RyanLauer/src/UI/seller/src/app/shared/components/category-details/category-details.component.ts
FN:25,(anonymous_0)
FN:32,(anonymous_1)
FN:33,(anonymous_2)
FN:36,(anonymous_3)
FN:38,(anonymous_4)
FN:47,(anonymous_5)
FN:50,(anonymous_6)
FNF:7
FNH:7
FNDA:4,(anonymous_0)
FNDA:5,(anonymous_1)
FNDA:5,(anonymous_2)
FNDA:4,(anonymous_3)
FNDA:4,(anonymous_4)
FNDA:1,(anonymous_5)
FNDA:1,(anonymous_6)
DA:17,1
DA:21,1
DA:22,4
DA:23,4
DA:26,4
DA:27,4
DA:28,4
DA:29,4
DA:33,5
DA:37,4
DA:39,4
DA:40,4
DA:41,4
DA:48,1
DA:51,1
DA:52,1
DA:53,0
LF:17
LH:16
BRDA:39,0,0,4
BRDA:39,0,1,0
BRDA:52,1,0,0
BRDA:52,1,1,1
BRF:4
BRH:2
end_of_record
TN:
SF:C:/HeadStart/OC-Headstart.RyanLauer/src/UI/seller/src/app/shared/components/category-form/category-form.component.ts
FN:20,(anonymous_0)
FN:69,(anonymous_1)
FN:71,(anonymous_2)
FN:26,(anonymous_3)
FN:31,(anonymous_4)
FN:45,(anonymous_5)
FN:60,(anonymous_6)
FNF:7
FNH:7
FNDA:5,(anonymous_0)
FNDA:11,(anonymous_1)
FNDA:20,(anonymous_2)
FNDA:6,(anonymous_3)
FNDA:5,(anonymous_4)
FNDA:11,(anonymous_5)
FNDA:2,(anonymous_6)
DA:12,1
DA:13,5
DA:15,1
DA:17,6
DA:21,5
DA:22,5
DA:23,5
DA:27,6
DA:31,1
DA:32,5
DA:33,5
DA:34,5
DA:35,5
DA:37,0
DA:46,11
DA:61,2
DA:62,1
DA:65,1
DA:69,5
DA:70,11
DA:71,5
DA:72,20
LF:22
LH:21
BRDA:32,0,0,5
BRDA:32,0,1,0
BRDA:33,1,0,5
BRDA:33,1,1,0
BRDA:38,2,0,0
BRDA:38,2,1,0
BRDA:39,3,0,0
BRDA:39,3,1,0
BRDA:40,4,0,0
BRDA:40,4,1,0
BRDA:48,5,0,11
BRDA:48,5,1,0
BRDA:52,6,0,11
BRDA:52,6,1,0
BRDA:55,7,0,11
BRDA:55,7,1,0
BRDA:61,8,0,1
BRDA:61,8,1,1
BRF:18
BRH:7
end_of_record
TN:
SF:C:/HeadStart/OC-Headstart.RyanLauer/src/UI/seller/src/app/shared/components/confirm-modal/confirm-modal.component.ts
FNF:0
FNH:0
DA:9,1
DA:11,1
DA:13,1
LF:3
LH:3
BRF:0
BRH:0
end_of_record
TN:
SF:C:/HeadStart/OC-Headstart.RyanLauer/src/UI/seller/src/app/shared/components/delete-confirm-modal/delete-confirm-modal.component.ts
FN:15,(anonymous_0)
FN:17,(anonymous_1)
FN:20,(anonymous_2)
FN:23,(anonymous_3)
FNF:4
FNH:0
FNDA:0,(anonymous_0)
FNDA:0,(anonymous_1)
FNDA:0,(anonymous_2)
FNDA:0,(anonymous_3)
DA:9,1
DA:12,1
DA:14,1
DA:15,0
DA:18,0
DA:21,0
LF:6
LH:3
BRF:0
BRH:0
end_of_record
TN:
SF:C:/HeadStart/OC-Headstart.RyanLauer/src/UI/seller/src/app/shared/components/full-resource-table/full-resource-table.component.ts
FN:60,(anonymous_0)
FN:50,(anonymous_1)
FN:68,(anonymous_2)
FN:74,(anonymous_3)
FN:77,(anonymous_4)
FN:80,(anonymous_5)
FN:87,(anonymous_6)
FN:88,(anonymous_7)
FN:93,(anonymous_8)
FN:97,(anonymous_9)
FN:100,(anonymous_10)
FN:103,(anonymous_11)
FN:119,(anonymous_12)
FN:133,(anonymous_13)
FN:137,(anonymous_14)
FN:143,(anonymous_15)
FN:147,(anonymous_16)
FN:151,(anonymous_17)
FN:160,(anonymous_18)
FN:170,(anonymous_19)
FN:186,(anonymous_20)
FNF:21
FNH:0
FNDA:0,(anonymous_0)
FNDA:0,(anonymous_1)
FNDA:0,(anonymous_2)
FNDA:0,(anonymous_3)
FNDA:0,(anonymous_4)
FNDA:0,(anonymous_5)
FNDA:0,(anonymous_6)
FNDA:0,(anonymous_7)
FNDA:0,(anonymous_8)
FNDA:0,(anonymous_9)
FNDA:0,(anonymous_10)
FNDA:0,(anonymous_11)
FNDA:0,(anonymous_12)
FNDA:0,(anonymous_13)
FNDA:0,(anonymous_14)
FNDA:0,(anonymous_15)
FNDA:0,(anonymous_16)
FNDA:0,(anonymous_17)
FNDA:0,(anonymous_18)
FNDA:0,(anonymous_19)
FNDA:0,(anonymous_20)
DA:30,1
DA:31,0
DA:32,0
DA:33,0
DA:34,0
DA:35,0
DA:36,0
DA:37,0
DA:38,0
DA:42,0
DA:43,0
DA:46,1
DA:48,1
DA:50,1
DA:51,0
DA:52,0
DA:53,0
DA:56,1
DA:58,1
DA:61,0
DA:62,0
DA:63,0
DA:64,0
DA:65,0
DA:69,0
DA:70,0
DA:71,0
DA:75,0
DA:77,0
DA:81,0
DA:88,0
DA:89,0
DA:94,0
DA:99,0
DA:100,0
DA:101,0
DA:103,0
DA:104,0
DA:112,0
DA:120,0
DA:125,0
DA:126,0
DA:127,0
DA:128,0
DA:129,0
DA:130,0
DA:134,0
DA:139,0
DA:140,0
DA:144,0
DA:148,0
DA:149,0
DA:150,0
DA:151,0
DA:152,0
DA:154,0
DA:156,0
DA:161,0
DA:162,0
DA:163,0
DA:164,0
DA:166,0
DA:167,0
DA:171,0
DA:175,0
DA:176,0
DA:180,0
DA:182,0
DA:187,0
DA:188,0
DA:189,0
LF:71
LH:6
BRDA:68,0,0,0
BRDA:82,1,0,0
BRDA:82,1,1,0
BRDA:82,2,0,0
BRDA:82,2,1,0
BRDA:82,3,0,0
BRDA:82,3,1,0
BRDA:83,4,0,0
BRDA:83,4,1,0
BRDA:83,5,0,0
BRDA:83,5,1,0
BRDA:115,6,0,0
BRDA:115,6,1,0
BRDA:139,7,0,0
BRDA:139,7,1,0
BRDA:149,8,0,0
BRDA:149,8,1,0
BRDA:152,9,0,0
BRDA:152,9,1,0
BRDA:163,10,0,0
BRDA:163,10,1,0
BRDA:166,11,0,0
BRDA:166,11,1,0
BRDA:171,12,0,0
BRDA:171,12,1,0
BRDA:172,13,0,0
BRDA:172,13,1,0
BRDA:176,14,0,0
BRDA:176,14,1,0
BRDA:177,15,0,0
BRDA:177,15,1,0
BRDA:188,16,0,0
BRDA:188,16,1,0
BRDA:188,17,0,0
BRDA:188,17,1,0
BRF:35
BRH:0
end_of_record
TN:
SF:C:/HeadStart/OC-Headstart.RyanLauer/src/UI/seller/src/app/shared/components/full-resource-table/sort-direction.enum.ts
FN:1,(anonymous_0)
FNF:1
FNH:1
FNDA:1,(anonymous_0)
DA:1,1
DA:2,1
DA:3,1
DA:4,1
LF:4
LH:4
BRDA:1,0,0,1
BRDA:1,0,1,1
BRF:2
BRH:2
end_of_record
TN:
SF:C:/HeadStart/OC-Headstart.RyanLauer/src/UI/seller/src/app/shared/components/product-images/product-images.component.ts
FN:22,(anonymous_0)
FN:24,(anonymous_1)
FN:29,(anonymous_2)
FN:51,(anonymous_3)
FNF:4
FNH:3
FNDA:7,(anonymous_0)
FNDA:3,(anonymous_1)
FNDA:0,(anonymous_2)
FNDA:3,(anonymous_3)
DA:15,1
DA:16,1
DA:17,8
DA:18,7
DA:19,7
DA:20,7
DA:22,7
DA:25,3
DA:26,3
DA:30,0
DA:31,0
DA:32,0
DA:41,0
DA:42,0
DA:52,3
DA:53,3
DA:54,3
LF:17
LH:12
BRDA:31,0,0,0
BRDA:31,0,1,0
BRF:2
BRH:0
end_of_record
TN:
SF:C:/HeadStart/OC-Headstart.RyanLauer/src/UI/seller/src/app/shared/components/products-form/product-form.component.ts
FN:20,(anonymous_0)
FN:76,(anonymous_1)
FN:78,(anonymous_2)
FN:26,(anonymous_3)
FN:31,(anonymous_4)
FN:46,(anonymous_5)
FN:62,(anonymous_6)
FNF:7
FNH:7
FNDA:5,(anonymous_0)
FNDA:11,(anonymous_1)
FNDA:20,(anonymous_2)
FNDA:6,(anonymous_3)
FNDA:5,(anonymous_4)
FNDA:11,(anonymous_5)
FNDA:2,(anonymous_6)
DA:12,1
DA:13,5
DA:15,1
DA:17,6
DA:21,5
DA:22,5
DA:23,5
DA:27,6
DA:31,1
DA:32,5
DA:33,5
DA:34,5
DA:35,5
DA:37,0
DA:47,11
DA:63,2
DA:64,1
DA:67,1
DA:72,1
DA:76,5
DA:77,11
DA:78,5
DA:79,20
LF:23
LH:22
BRDA:32,0,0,5
BRDA:32,0,1,0
BRDA:33,1,0,5
BRDA:33,1,1,0
BRDA:38,2,0,0
BRDA:38,2,1,0
BRDA:39,3,0,0
BRDA:39,3,1,0
BRDA:40,4,0,0
BRDA:40,4,1,0
BRDA:42,5,0,0
BRDA:42,5,1,0
BRDA:49,6,0,11
BRDA:49,6,1,0
BRDA:53,7,0,11
BRDA:53,7,1,0
BRDA:56,8,0,11
BRDA:56,8,1,0
BRDA:58,9,0,11
BRDA:58,9,1,11
BRDA:63,10,0,1
BRDA:63,10,1,1
BRF:22
BRH:9
end_of_record
TN:
SF:C:/HeadStart/OC-Headstart.RyanLauer/src/UI/seller/src/app/shared/components/reactive-quill-editor/reactive-quill-editor.component.ts
FN:18,(anonymous_0)
FN:28,(anonymous_1)
FN:34,(anonymous_2)
FN:41,(anonymous_3)
FN:44,(anonymous_4)
FNF:5
FNH:0
FNDA:0,(anonymous_0)
FNDA:0,(anonymous_1)
FNDA:0,(anonymous_2)
FNDA:0,(anonymous_3)
FNDA:0,(anonymous_4)
DA:18,1
DA:24,1
DA:26,1
DA:28,1
DA:29,0
DA:30,0
DA:34,1
DA:35,0
DA:39,1
DA:42,0
DA:43,0
DA:45,0
LF:12
LH:6
BRDA:42,0,0,0
BRDA:42,0,1,0
BRF:2
BRH:0
end_of_record
TN:
SF:C:/HeadStart/OC-Headstart.RyanLauer/src/UI/seller/src/app/shared/components/request-status/request-status.component.ts
FN:8,(anonymous_0)
FNF:1
FNH:0
FNDA:0,(anonymous_0)
DA:8,1
DA:10,1
DA:12,1
DA:14,1
LF:4
LH:4
BRF:0
BRH:0
end_of_record
TN:
SF:C:/HeadStart/OC-Headstart.RyanLauer/src/UI/seller/src/app/shared/components/resource-breadcrumbs/resource-breadcrumbs.component.ts
FN:19,(anonymous_0)
FN:25,(anonymous_1)
FN:29,(anonymous_2)
FN:31,(anonymous_3)
FN:32,(anonymous_4)
FN:33,(anonymous_5)
FN:38,(anonymous_6)
FN:39,(anonymous_7)
FN:44,(anonymous_8)
FN:49,(anonymous_9)
FN:50,(anonymous_10)
FN:57,(anonymous_11)
FN:67,(anonymous_12)
FNF:13
FNH:12
FNDA:1,(anonymous_0)
FNDA:1,(anonymous_1)
FNDA:1,(anonymous_2)
FNDA:1,(anonymous_3)
FNDA:1,(anonymous_4)
FNDA:0,(anonymous_5)
FNDA:1,(anonymous_6)
FNDA:1,(anonymous_7)
FNDA:1,(anonymous_8)
FNDA:2,(anonymous_9)
FNDA:1,(anonymous_10)
FNDA:1,(anonymous_11)
FNDA:1,(anonymous_12)
DA:11,1
DA:12,1
DA:13,1
DA:18,1
DA:20,1
DA:21,1
DA:22,1
DA:26,1
DA:30,1
DA:31,1
DA:32,1
DA:34,0
DA:37,1
DA:38,1
DA:40,1
DA:47,1
DA:49,2
DA:51,1
DA:52,0
DA:54,1
DA:57,1
DA:58,1
DA:59,1
DA:64,1
DA:68,1
LF:25
LH:23
BRDA:51,0,0,0
BRDA:51,0,1,1
BRF:2
BRH:1
end_of_record
TN:
SF:C:/HeadStart/OC-Headstart.RyanLauer/src/UI/seller/src/app/shared/components/resource-crud/resource-crud.component.ts
FN:41,(anonymous_0)
FN:54,(anonymous_1)
FN:63,(anonymous_2)
FN:65,(anonymous_3)
FN:69,(anonymous_4)
FN:76,(anonymous_6)
FN:78,(anonymous_7)
FN:79,(anonymous_8)
FN:85,(anonymous_9)
FN:97,(anonymous_11)
FN:99,(anonymous_12)
FN:99,(anonymous_13)
FN:115,(anonymous_14)
FN:122,(anonymous_15)
FN:129,(anonymous_16)
FN:135,(anonymous_17)
FN:139,(anonymous_18)
FN:146,(anonymous_20)
FN:153,(anonymous_21)
FN:158,(anonymous_22)
FN:168,(anonymous_24)
FN:176,(anonymous_25)
FN:184,(anonymous_26)
FN:192,(anonymous_27)
FN:197,(anonymous_29)
FN:201,(anonymous_30)
FN:219,(anonymous_32)
FN:225,(anonymous_33)
FN:241,(anonymous_35)
FN:245,(anonymous_36)
FNF:30
FNH:14
FNDA:16,(anonymous_0)
FNDA:0,(anonymous_1)
FNDA:0,(anonymous_2)
FNDA:0,(anonymous_3)
FNDA:16,(anonymous_4)
FNDA:16,(anonymous_6)
FNDA:16,(anonymous_7)
FNDA:16,(anonymous_8)
FNDA:16,(anonymous_9)
FNDA:16,(anonymous_11)
FNDA:16,(anonymous_12)
FNDA:16,(anonymous_13)
FNDA:25,(anonymous_14)
FNDA:0,(anonymous_15)
FNDA:0,(anonymous_16)
FNDA:0,(anonymous_17)
FNDA:0,(anonymous_18)
FNDA:9,(anonymous_20)
FNDA:0,(anonymous_21)
FNDA:0,(anonymous_22)
FNDA:0,(anonymous_24)
FNDA:0,(anonymous_25)
FNDA:0,(anonymous_26)
FNDA:0,(anonymous_27)
FNDA:0,(anonymous_29)
FNDA:0,(anonymous_30)
FNDA:9,(anonymous_32)
FNDA:0,(anonymous_33)
FNDA:15,(anonymous_35)
FNDA:16,(anonymous_36)
DA:19,16
DA:20,16
DA:23,16
DA:24,16
DA:25,16
DA:27,16
DA:28,16
DA:30,16
DA:36,16
DA:39,16
DA:42,16
DA:45,16
DA:46,16
DA:49,16
DA:50,16
DA:51,16
DA:62,0
DA:63,0
DA:65,0
DA:70,16
DA:71,16
DA:72,16
DA:73,16
DA:77,16
DA:78,16
DA:80,16
DA:81,16
DA:86,16
DA:87,16
DA:88,16
DA:89,9
DA:91,9
DA:93,9
DA:99,16
DA:100,16
DA:101,16
DA:102,16
DA:103,16
DA:105,16
DA:106,16
DA:107,0
DA:108,16
DA:109,0
DA:116,25
DA:117,3
DA:118,3
DA:123,0
DA:124,0
DA:125,0
DA:130,0
DA:131,0
DA:136,0
DA:140,0
DA:141,0
DA:142,0
DA:143,0
DA:147,9
DA:149,9
DA:150,9
DA:154,0
DA:155,0
DA:162,0
DA:165,0
DA:169,0
DA:173,0
DA:177,0
DA:181,0
DA:185,0
DA:186,0
DA:188,0
DA:193,0
DA:194,0
DA:198,0
DA:204,0
DA:205,0
DA:206,0
DA:210,0
DA:211,0
DA:212,0
DA:214,0
DA:215,0
DA:220,9
DA:221,9
DA:222,9
DA:228,0
DA:229,0
DA:230,0
DA:233,0
DA:234,0
DA:236,0
DA:237,0
DA:242,15
DA:246,16
DA:247,16
DA:248,16
DA:251,16
LF:96
LH:52
BRDA:62,0,0,0
BRDA:62,0,1,0
BRDA:88,1,0,9
BRDA:88,1,1,7
BRDA:91,2,0,9
BRDA:91,2,1,9
BRDA:93,3,0,9
BRDA:93,3,1,0
BRDA:102,4,0,16
BRDA:102,4,1,0
BRDA:106,5,0,0
BRDA:106,5,1,16
BRDA:108,6,0,0
BRDA:108,6,1,16
BRDA:116,7,0,3
BRDA:116,7,1,22
BRDA:123,8,0,0
BRDA:123,8,1,0
BRDA:130,9,0,0
BRDA:130,9,1,0
BRDA:140,10,0,0
BRDA:140,10,1,0
BRDA:147,11,0,9
BRDA:147,11,1,9
BRDA:147,11,2,9
BRDA:163,12,0,0
BRDA:163,12,1,0
BRDA:179,13,0,0
BRDA:179,13,1,0
BRDA:185,14,0,0
BRDA:185,14,1,0
BRDA:251,15,0,16
BRDA:251,15,1,16
BRF:33
BRH:15
end_of_record
TN:
SF:C:/HeadStart/OC-Headstart.RyanLauer/src/UI/seller/src/app/shared/components/resource-edit/resource-edit.component.ts
FN:21,(anonymous_0)
FN:24,(anonymous_1)
FN:29,(anonymous_2)
FN:35,(anonymous_3)
FN:44,(anonymous_4)
FN:46,(anonymous_5)
FN:52,(anonymous_6)
FNF:7
FNH:0
FNDA:0,(anonymous_0)
FNDA:0,(anonymous_1)
FNDA:0,(anonymous_2)
FNDA:0,(anonymous_3)
FNDA:0,(anonymous_4)
FNDA:0,(anonymous_5)
FNDA:0,(anonymous_6)
DA:17,1
DA:21,0
DA:24,1
DA:25,0
DA:26,0
DA:29,1
DA:30,0
DA:33,1
DA:36,0
DA:41,0
DA:45,0
DA:47,0
DA:52,0
LF:13
LH:4
BRDA:39,0,0,0
BRDA:39,0,1,0
BRF:2
BRH:0
end_of_record
TN:
SF:C:/HeadStart/OC-Headstart.RyanLauer/src/UI/seller/src/app/shared/components/resource-edit/swagger-spec.ts
FNF:0
FNH:0
DA:1,1
LF:1
LH:1
BRF:0
BRH:0
end_of_record
TN:
SF:C:/HeadStart/OC-Headstart.RyanLauer/src/UI/seller/src/app/shared/components/resource-list-meta/resource-list-meta.component.ts
FN:14,(anonymous_0)
FN:18,(anonymous_1)
FN:22,(anonymous_2)
FNF:3
FNH:0
FNDA:0,(anonymous_0)
FNDA:0,(anonymous_1)
FNDA:0,(anonymous_2)
DA:10,1
DA:14,1
DA:15,0
DA:18,1
DA:19,0
DA:23,0
DA:24,0
DA:26,0
LF:8
LH:3
BRDA:23,0,0,0
BRDA:23,0,1,0
BRF:2
BRH:0
end_of_record
TN:
SF:C:/HeadStart/OC-Headstart.RyanLauer/src/UI/seller/src/app/shared/components/resource-select-dropdown/resource-select-dropdown.component.ts
FN:41,(anonymous_0)
FN:47,(anonymous_1)
FN:52,(anonymous_2)
FN:58,(anonymous_3)
FN:60,(anonymous_4)
FN:61,(anonymous_5)
FN:67,(anonymous_6)
FN:69,(anonymous_7)
FN:70,(anonymous_8)
FN:70,(anonymous_9)
FN:88,(anonymous_10)
FN:96,(anonymous_11)
FN:101,(anonymous_12)
FN:108,(anonymous_13)
FNF:14
FNH:0
FNDA:0,(anonymous_0)
FNDA:0,(anonymous_1)
FNDA:0,(anonymous_2)
FNDA:0,(anonymous_3)
FNDA:0,(anonymous_4)
FNDA:0,(anonymous_5)
FNDA:0,(anonymous_6)
FNDA:0,(anonymous_7)
FNDA:0,(anonymous_8)
FNDA:0,(anonymous_9)
FNDA:0,(anonymous_10)
FNDA:0,(anonymous_11)
FNDA:0,(anonymous_12)
FNDA:0,(anonymous_13)
DA:24,1
DA:27,1
DA:28,0
DA:29,0
DA:30,0
DA:31,0
DA:32,0
DA:33,0
DA:36,1
DA:38,1
DA:39,0
DA:42,0
DA:43,0
DA:44,0
DA:48,0
DA:49,0
DA:54,0
DA:56,0
DA:59,0
DA:60,0
DA:62,0
DA:63,0
DA:68,0
DA:69,0
DA:70,0
DA:71,0
DA:72,0
DA:73,0
DA:74,0
DA:75,0
DA:76,0
DA:79,0
DA:80,0
DA:89,0
DA:92,0
DA:93,0
DA:97,0
DA:98,0
DA:102,0
DA:103,0
DA:104,0
DA:105,0
DA:109,0
LF:43
LH:4
BRDA:72,0,0,0
BRDA:72,0,1,0
BRDA:75,1,0,0
BRDA:75,1,1,0
BRDA:75,2,0,0
BRDA:75,2,1,0
BRDA:79,3,0,0
BRDA:79,3,1,0
BRDA:81,4,0,0
BRDA:81,4,1,0
BRDA:104,5,0,0
BRDA:104,5,1,0
BRF:12
BRH:0
end_of_record
TN:
SF:C:/HeadStart/OC-Headstart.RyanLauer/src/UI/seller/src/app/shared/components/resource-table/resource-table.component.ts
FN:89,(anonymous_0)
FN:102,(anonymous_1)
FN:125,(anonymous_2)
FN:134,(anonymous_3)
FN:145,(anonymous_4)
FN:173,(anonymous_5)
FN:181,(anonymous_7)
FN:184,(anonymous_9)
FN:187,(anonymous_10)
FN:198,(anonymous_11)
FN:219,(anonymous_12)
FN:224,(anonymous_13)
FN:226,(anonymous_14)
FN:227,(anonymous_15)
FN:238,(anonymous_16)
FN:261,(anonymous_17)
FN:268,(anonymous_18)
FN:270,(anonymous_19)
FN:278,(anonymous_20)
FN:284,(anonymous_21)
FN:296,(anonymous_23)
FN:304,(anonymous_25)
FN:316,(anonymous_27)
FN:318,(anonymous_28)
FN:319,(anonymous_29)
FN:324,(anonymous_30)
FN:326,(anonymous_31)
FN:327,(anonymous_32)
FN:327,(anonymous_33)
FN:347,(anonymous_34)
FN:354,(anonymous_35)
FN:356,(anonymous_36)
FN:357,(anonymous_37)
FN:364,(anonymous_38)
FN:378,(anonymous_39)
FN:381,(anonymous_40)
FN:389,(anonymous_41)
FN:396,(anonymous_43)
FN:405,(anonymous_44)
FN:412,(anonymous_45)
FN:416,(anonymous_46)
FN:420,(anonymous_47)
FN:424,(anonymous_48)
FN:428,(anonymous_49)
FN:432,(anonymous_50)
FN:436,(anonymous_51)
FN:440,(anonymous_52)
FN:444,(anonymous_53)
FN:449,(anonymous_54)
FN:456,(anonymous_55)
FN:460,(anonymous_56)
FN:464,(anonymous_57)
FN:473,(anonymous_58)
FNF:53
FNH:0
FNDA:0,(anonymous_0)
FNDA:0,(anonymous_1)
FNDA:0,(anonymous_2)
FNDA:0,(anonymous_3)
FNDA:0,(anonymous_4)
FNDA:0,(anonymous_5)
FNDA:0,(anonymous_7)
FNDA:0,(anonymous_9)
FNDA:0,(anonymous_10)
FNDA:0,(anonymous_11)
FNDA:0,(anonymous_12)
FNDA:0,(anonymous_13)
FNDA:0,(anonymous_14)
FNDA:0,(anonymous_15)
FNDA:0,(anonymous_16)
FNDA:0,(anonymous_17)
FNDA:0,(anonymous_18)
FNDA:0,(anonymous_19)
FNDA:0,(anonymous_20)
FNDA:0,(anonymous_21)
FNDA:0,(anonymous_23)
FNDA:0,(anonymous_25)
FNDA:0,(anonymous_27)
FNDA:0,(anonymous_28)
FNDA:0,(anonymous_29)
FNDA:0,(anonymous_30)
FNDA:0,(anonymous_31)
FNDA:0,(anonymous_32)
FNDA:0,(anonymous_33)
FNDA:0,(anonymous_34)
FNDA:0,(anonymous_35)
FNDA:0,(anonymous_36)
FNDA:0,(anonymous_37)
FNDA:0,(anonymous_38)
FNDA:0,(anonymous_39)
FNDA:0,(anonymous_40)
FNDA:0,(anonymous_41)
FNDA:0,(anonymous_43)
FNDA:0,(anonymous_44)
FNDA:0,(anonymous_45)
FNDA:0,(anonymous_46)
FNDA:0,(anonymous_47)
FNDA:0,(anonymous_48)
FNDA:0,(anonymous_49)
FNDA:0,(anonymous_50)
FNDA:0,(anonymous_51)
FNDA:0,(anonymous_52)
FNDA:0,(anonymous_53)
FNDA:0,(anonymous_54)
FNDA:0,(anonymous_55)
FNDA:0,(anonymous_56)
FNDA:0,(anonymous_57)
FNDA:0,(anonymous_58)
DA:50,1
DA:53,1
DA:54,0
DA:55,0
DA:56,0
DA:57,0
DA:58,0
DA:59,0
DA:72,0
DA:73,0
DA:74,0
DA:75,0
DA:76,0
DA:77,0
DA:79,0
DA:80,0
DA:81,0
DA:82,0
DA:83,0
DA:87,0
DA:90,0
DA:91,0
DA:92,0
DA:93,0
DA:94,0
DA:95,0
DA:100,1
DA:102,1
DA:103,0
DA:104,0
DA:106,0
DA:111,1
DA:113,1
DA:115,1
DA:117,1
DA:119,1
DA:121,1
DA:123,1
DA:125,1
DA:126,0
DA:127,0
DA:128,0
DA:134,1
DA:135,0
DA:136,0
DA:137,0
DA:143,1
DA:145,1
DA:146,0
DA:147,0
DA:150,1
DA:152,1
DA:154,1
DA:156,1
DA:158,1
DA:160,1
DA:162,1
DA:164,1
DA:166,1
DA:168,1
DA:170,1
DA:171,0
DA:174,0
DA:175,0
DA:176,0
DA:177,0
DA:178,0
DA:182,0
DA:183,0
DA:185,0
DA:187,0
DA:189,0
DA:195,0
DA:203,0
DA:204,0
DA:205,0
DA:206,0
DA:208,0
DA:211,0
DA:212,0
DA:214,0
DA:220,0
DA:221,0
DA:225,0
DA:226,0
DA:228,0
DA:229,0
DA:230,0
DA:233,0
DA:234,0
DA:239,0
DA:240,0
DA:241,0
DA:242,0
DA:244,0
DA:245,0
DA:246,0
DA:247,0
DA:249,0
DA:250,0
DA:253,0
DA:254,0
DA:256,0
DA:263,0
DA:264,0
DA:265,0
DA:269,0
DA:270,0
DA:271,0
DA:272,0
DA:275,0
DA:279,0
DA:280,0
DA:281,0
DA:285,0
DA:286,0
DA:288,0
DA:289,0
DA:290,0
DA:291,0
DA:292,0
DA:297,0
DA:298,0
DA:299,0
DA:300,0
DA:301,0
DA:305,0
DA:306,0
DA:307,0
DA:308,0
DA:309,0
DA:317,0
DA:318,0
DA:320,0
DA:325,0
DA:326,0
DA:327,0
DA:328,0
DA:329,0
DA:330,0
DA:331,0
DA:332,0
DA:333,0
DA:334,0
DA:335,0
DA:337,0
DA:338,0
DA:341,0
DA:342,0
DA:348,0
DA:349,0
DA:351,0
DA:355,0
DA:356,0
DA:358,0
DA:359,0
DA:365,0
DA:366,0
DA:368,0
DA:371,0
DA:372,0
DA:373,0
DA:375,0
DA:379,0
DA:380,0
DA:381,0
DA:382,0
DA:383,0
DA:385,0
DA:390,0
DA:397,0
DA:406,0
DA:407,0
DA:409,0
DA:413,0
DA:417,0
DA:421,0
DA:425,0
DA:429,0
DA:433,0
DA:437,0
DA:441,0
DA:445,0
DA:446,0
DA:450,0
DA:451,0
DA:452,0
DA:453,0
DA:457,0
DA:461,0
DA:465,0
DA:474,0
LF:192
LH:26
BRDA:105,0,0,0
BRDA:105,0,1,0
BRDA:127,1,0,0
BRDA:127,1,1,0
BRDA:127,2,0,0
BRDA:127,2,1,0
BRDA:127,2,2,0
BRDA:136,3,0,0
BRDA:136,3,1,0
BRDA:136,4,0,0
BRDA:136,4,1,0
BRDA:136,4,2,0
BRDA:183,5,0,0
BRDA:183,5,1,0
BRDA:183,6,0,0
BRDA:183,6,1,0
BRDA:183,7,0,0
BRDA:183,7,1,0
BRDA:183,8,0,0
BRDA:183,8,1,0
BRDA:195,9,0,0
BRDA:195,9,1,0
BRDA:204,10,0,0
BRDA:204,10,1,0
BRDA:205,11,0,0
BRDA:205,11,1,0
BRDA:211,12,0,0
BRDA:211,12,1,0
BRDA:229,13,0,0
BRDA:229,13,1,0
BRDA:229,13,2,0
BRDA:231,14,0,0
BRDA:231,14,1,0
BRDA:239,15,0,0
BRDA:239,15,1,0
BRDA:244,16,0,0
BRDA:244,16,1,0
BRDA:249,17,0,0
BRDA:249,17,1,0
BRDA:263,18,0,0
BRDA:263,18,1,0
BRDA:264,19,0,0
BRDA:264,19,1,0
BRDA:271,20,0,0
BRDA:271,20,1,0
BRDA:287,21,0,0
BRDA:287,21,1,0
BRDA:289,22,0,0
BRDA:289,22,1,0
BRDA:290,23,0,0
BRDA:290,23,1,0
BRDA:305,24,0,0
BRDA:305,24,1,0
BRDA:307,25,0,0
BRDA:307,25,1,0
BRDA:326,26,0,0
BRDA:326,26,1,0
BRDA:332,27,0,0
BRDA:332,27,1,0
BRDA:334,28,0,0
BRDA:334,28,1,0
BRDA:337,29,0,0
BRDA:337,29,1,0
BRDA:337,30,0,0
BRDA:337,30,1,0
BRDA:341,31,0,0
[...]
BRDA:473,64,0,0
BRDA:473,64,1,0
BRDA:475,65,0,0
BRDA:475,65,1,0
BRDA:476,66,0,0
BRDA:476,66,1,0
BRDA:476,66,2,0
BRDA:481,67,0,0
BRDA:481,67,1,0
BRDA:481,68,0,0
BRDA:481,68,1,0
BRDA:498,69,0,0
BRDA:498,69,1,0
BRDA:499,70,0,0
BRDA:499,70,1,0
BRDA:518,71,0,0
BRDA:518,71,1,0
BRDA:520,72,0,0
BRDA:520,72,1,0
BRDA:532,73,0,0
BRDA:532,73,1,0
BRDA:533,74,0,0
BRDA:533,74,1,0
BRDA:534,75,0,0
BRDA:534,75,1,0
BRDA:535,76,0,0
BRDA:535,76,1,0
BRDA:544,77,0,0
BRDA:544,77,1,0
BRDA:549,78,0,0
BRDA:549,78,1,0
BRDA:549,79,0,0
BRDA:549,79,1,0
BRF:153
BRH:0
end_of_record
TN:
SF:C:/HeadStart/OC-Headstart.RyanLauer/src/UI/seller/src/app/shared/services/resource-crud/resource-crud.types.ts
FNF:0
FNH:0
DA:7,1
DA:10,1
DA:13,1
DA:16,1
DA:19,1
DA:23,1
DA:26,1
LF:7
LH:7
BRF:0
BRH:0
end_of_record
TN:
SF:C:/HeadStart/OC-Headstart.RyanLauer/src/UI/seller/src/app/storefronts/components/storefronts/storefronts.service.ts
FN:45,(anonymous_0)
FN:61,(anonymous_1)
FNF:2
FNH:0
FNDA:0,(anonymous_0)
FNDA:0,(anonymous_1)
DA:18,1
DA:26,1
DA:27,0
DA:50,0
DA:62,0
DA:63,0
LF:6
LH:2
BRF:0
BRH:0
end_of_record
TN:
SF:C:/HeadStart/OC-Headstart.RyanLauer/src/UI/seller/src/app/storefronts/components/storefronts/storefronts-table/storefront-table.component.ts
FN:14,(anonymous_0)
FNF:1
FNH:1
FNDA:1,(anonymous_0)
DA:12,1
DA:13,1
DA:15,1
DA:21,1
LF:4
LH:4
BRF:0
BRH:0
end_of_record
TN:
SF:C:/HeadStart/OC-Headstart.RyanLauer/src/UI/seller/src/app/suppliers/supplier-logo.helper.ts
FN:6,getSupplierLogoSmallUrl
FN:13,getSupplierLogoMediumUrl
FNF:2
FNH:0
FNDA:0,getSupplierLogoSmallUrl
FNDA:0,getSupplierLogoMediumUrl
DA:4,1
DA:10,0
DA:17,0
LF:3
LH:1
BRF:0
BRH:0
end_of_record
TN:
SF:C:/HeadStart/OC-Headstart.RyanLauer/src/UI/seller/src/app/suppliers/components/category-select/supplier-category-select.component.ts
FN:20,(anonymous_0)
FN:23,(anonymous_1)
FN:28,(anonymous_2)
FN:31,(anonymous_3)
FN:36,(anonymous_4)
FN:41,(anonymous_5)
FN:45,(anonymous_6)
FN:52,(anonymous_7)
FN:58,(anonymous_8)
FN:71,(anonymous_9)
FN:84,(anonymous_10)
FN:90,(anonymous_11)
FN:98,(anonymous_12)
FN:101,(anonymous_13)
FN:109,(anonymous_14)
FN:117,(anonymous_15)
FN:136,(anonymous_16)
FN:143,(anonymous_17)
FN:145,(anonymous_18)
FN:153,(anonymous_19)
FN:159,(anonymous_20)
FN:168,(anonymous_21)
FNF:22
FNH:0
FNDA:0,(anonymous_0)
FNDA:0,(anonymous_1)
FNDA:0,(anonymous_2)
FNDA:0,(anonymous_3)
FNDA:0,(anonymous_4)
FNDA:0,(anonymous_5)
FNDA:0,(anonymous_6)
FNDA:0,(anonymous_7)
FNDA:0,(anonymous_8)
FNDA:0,(anonymous_9)
FNDA:0,(anonymous_10)
FNDA:0,(anonymous_11)
FNDA:0,(anonymous_12)
FNDA:0,(anonymous_13)
FNDA:0,(anonymous_14)
FNDA:0,(anonymous_15)
FNDA:0,(anonymous_16)
FNDA:0,(anonymous_17)
FNDA:0,(anonymous_18)
FNDA:0,(anonymous_19)
FNDA:0,(anonymous_20)
FNDA:0,(anonymous_21)
DA:20,1
DA:23,0
DA:24,0
DA:28,1
DA:31,0
DA:32,0
DA:36,1
DA:40,0
DA:41,0
DA:43,0
DA:46,0
DA:52,1
DA:57,0
DA:58,0
DA:60,0
DA:63,0
DA:71,1
DA:72,0
DA:80,0
DA:81,0
DA:84,1
DA:85,0
DA:86,0
DA:87,0
DA:88,0
DA:89,0
DA:91,0
DA:92,0
DA:93,0
DA:98,1
DA:99,0
DA:100,0
DA:101,0
DA:103,0
DA:107,1
DA:110,0
DA:113,0
DA:114,0
DA:118,0
DA:122,0
DA:126,0
DA:133,0
DA:141,0
DA:142,0
DA:143,0
DA:145,0
DA:146,0
DA:150,0
DA:154,0
DA:155,0
DA:156,0
DA:160,0
DA:161,0
DA:165,0
DA:171,0
DA:172,0
LF:56
LH:8
BRDA:23,0,0,0
BRDA:23,0,1,0
BRDA:23,1,0,0
BRDA:23,1,1,0
BRDA:24,2,0,0
BRDA:24,2,1,0
BRDA:31,3,0,0
BRDA:31,3,1,0
BRDA:31,4,0,0
BRDA:31,4,1,0
BRDA:99,5,0,0
BRDA:99,5,1,0
BRDA:99,6,0,0
BRDA:99,6,1,0
BRDA:99,7,0,0
BRDA:99,7,1,0
BRDA:118,8,0,0
BRDA:118,8,1,0
BRDA:119,9,0,0
BRDA:119,9,1,0
BRDA:119,10,0,0
BRDA:119,10,1,0
BRDA:119,11,0,0
BRDA:119,11,1,0
BRDA:119,12,0,0
BRDA:119,12,1,0
BRDA:119,13,0,0
BRDA:119,13,1,0
BRDA:120,14,0,0
BRDA:120,14,1,0
BRDA:120,15,0,0
BRDA:120,15,1,0
BRDA:120,16,0,0
BRDA:120,16,1,0
BRDA:120,17,0,0
BRDA:120,17,1,0
BRDA:127,18,0,0
BRDA:127,18,1,0
BRDA:141,19,0,0
BRDA:141,19,1,0
BRDA:141,20,0,0
BRDA:141,20,1,0
BRDA:141,21,0,0
BRDA:141,21,1,0
BRDA:141,22,0,0
BRDA:141,22,1,0
BRDA:141,23,0,0
BRDA:141,23,1,0
BRDA:145,24,0,0
BRDA:145,24,1,0
BRDA:145,25,0,0
BRDA:145,25,1,0
BRDA:145,26,0,0
BRDA:145,26,1,0
BRDA:145,27,0,0
BRDA:145,27,1,0
BRDA:146,28,0,0
BRDA:146,28,1,0
BRDA:171,29,0,0
BRDA:171,29,1,0
BRDA:171,30,0,0
BRDA:171,30,1,0
BRF:62
BRH:0
end_of_record
TN:
SF:C:/HeadStart/OC-Headstart.RyanLauer/src/UI/seller/src/app/suppliers/components/locations/supplier-address.service.ts
FN:19,(anonymous_0)
FN:38,(anonymous_1)
FN:57,(anonymous_3)
FN:65,(anonymous_5)
FN:72,(anonymous_6)
FN:76,(anonymous_7)
FNF:6
FNH:0
FNDA:0,(anonymous_0)
FNDA:0,(anonymous_1)
FNDA:0,(anonymous_3)
FNDA:0,(anonymous_5)
FNDA:0,(anonymous_6)
FNDA:0,(anonymous_7)
DA:18,1
DA:22,0
DA:23,0
DA:25,0
DA:40,0
DA:41,0
DA:42,0
DA:43,0
DA:45,0
DA:49,0
DA:53,0
DA:54,0
DA:58,0
DA:59,0
DA:64,0
DA:65,0
DA:67,0
DA:68,0
DA:69,0
DA:76,0
DA:77,0
DA:79,0
DA:80,0
DA:81,0
DA:84,0
LF:25
LH:1
BRDA:80,0,0,0
BRDA:80,0,1,0
BRF:2
BRH:0
end_of_record
TN:
SF:C:/HeadStart/OC-Headstart.RyanLauer/src/UI/seller/src/app/suppliers/components/locations/supplier-location-table/supplier-location-table.component.ts
FN:18,(anonymous_0)
FN:35,(anonymous_1)
FN:39,(anonymous_2)
FN:44,(anonymous_3)
FN:48,(anonymous_4)
FN:69,(anonymous_6)
FNF:6
FNH:1
FNDA:1,(anonymous_0)
FNDA:0,(anonymous_1)
FNDA:0,(anonymous_2)
FNDA:0,(anonymous_3)
FNDA:0,(anonymous_4)
FNDA:0,(anonymous_6)
DA:13,1
DA:19,1
DA:23,1
DA:26,1
DA:36,0
DA:40,0
DA:41,0
DA:45,0
DA:49,0
DA:50,0
DA:51,0
DA:55,0
DA:56,0
DA:57,0
DA:58,0
DA:60,0
DA:63,0
DA:65,0
DA:70,0
DA:71,0
DA:72,0
DA:75,0
DA:76,0
DA:77,0
DA:79,0
DA:82,0
DA:84,0
LF:27
LH:4
BRDA:61,0,0,0
BRDA:61,0,1,0
BRDA:60,1,0,0
BRDA:60,1,1,0
BRDA:61,2,0,0
BRDA:61,2,1,0
BRDA:60,3,0,0
BRDA:60,3,1,0
BRDA:63,4,0,0
BRDA:63,4,1,0
BRDA:63,5,0,0
BRDA:63,5,1,0
BRDA:63,6,0,0
BRDA:63,6,1,0
BRDA:63,7,0,0
BRDA:63,7,1,0
BRDA:63,8,0,0
BRDA:63,8,1,0
BRDA:63,9,0,0
BRDA:63,9,1,0
BRDA:80,10,0,0
BRDA:80,10,1,0
BRDA:79,11,0,0
BRDA:79,11,1,0
BRDA:80,12,0,0
BRDA:80,12,1,0
BRDA:79,13,0,0
BRDA:79,13,1,0
BRDA:82,14,0,0
BRDA:82,14,1,0
BRDA:82,15,0,0
BRDA:82,15,1,0
BRDA:82,16,0,0
BRDA:82,16,1,0
BRDA:82,17,0,0
BRDA:82,17,1,0
BRDA:82,18,0,0
BRDA:82,18,1,0
BRDA:82,19,0,0
BRDA:82,19,1,0
BRF:40
BRH:0
end_of_record
TN:
SF:C:/HeadStart/OC-Headstart.RyanLauer/src/UI/seller/src/app/suppliers/components/suppliers/supplier.service.ts
FN:39,(anonymous_0)
FN:58,(anonymous_1)
FN:70,(anonymous_3)
FN:80,(anonymous_5)
FNF:4
FNH:0
FNDA:0,(anonymous_0)
FNDA:0,(anonymous_1)
FNDA:0,(anonymous_3)
FNDA:0,(anonymous_5)
DA:15,1
DA:24,1
DA:27,0
DA:42,0
DA:43,0
DA:44,0
DA:45,0
DA:47,0
DA:59,0
DA:60,0
DA:61,0
DA:62,0
DA:66,0
DA:67,0
DA:72,0
DA:76,0
DA:77,0
DA:81,0
DA:82,0
LF:19
LH:2
BRDA:60,0,0,0
BRDA:60,0,1,0
BRDA:60,1,0,0
BRDA:60,1,1,0
BRDA:60,2,0,0
BRDA:60,2,1,0
BRDA:60,3,0,0
BRDA:60,3,1,0
BRDA:60,4,0,0
BRDA:60,4,1,0
BRF:10
BRH:0
end_of_record
TN:
SF:C:/HeadStart/OC-Headstart.RyanLauer/src/UI/seller/src/app/suppliers/components/suppliers/supplier-edit/supplier-edit.component.ts
FN:83,(anonymous_0)
FN:64,(anonymous_1)
FN:96,(anonymous_2)
FN:100,(anonymous_4)
FN:107,(anonymous_5)
FN:118,(anonymous_7)
FN:140,(anonymous_9)
FN:142,(anonymous_10)
FN:149,(anonymous_11)
FN:160,(anonymous_12)
FN:168,(anonymous_13)
FN:176,(anonymous_14)
FN:180,(anonymous_15)
FN:206,(anonymous_16)
FN:231,(anonymous_18)
FN:273,(anonymous_20)
FN:296,(anonymous_22)
FN:325,(anonymous_24)
FN:334,(anonymous_25)
FN:348,(anonymous_26)
FN:365,(anonymous_27)
FN:368,(anonymous_28)
FN:376,(anonymous_29)
FN:379,(anonymous_30)
FN:387,(anonymous_31)
FNF:25
FNH:0
FNDA:0,(anonymous_0)
FNDA:0,(anonymous_1)
FNDA:0,(anonymous_2)
FNDA:0,(anonymous_4)
FNDA:0,(anonymous_5)
FNDA:0,(anonymous_7)
FNDA:0,(anonymous_9)
FNDA:0,(anonymous_10)
FNDA:0,(anonymous_11)
FNDA:0,(anonymous_12)
FNDA:0,(anonymous_13)
FNDA:0,(anonymous_14)
FNDA:0,(anonymous_15)
FNDA:0,(anonymous_16)
FNDA:0,(anonymous_18)
FNDA:0,(anonymous_20)
FNDA:0,(anonymous_22)
FNDA:0,(anonymous_24)
FNDA:0,(anonymous_25)
FNDA:0,(anonymous_26)
FNDA:0,(anonymous_27)
FNDA:0,(anonymous_28)
FNDA:0,(anonymous_29)
FNDA:0,(anonymous_30)
FNDA:0,(anonymous_31)
DA:55,1
DA:57,1
DA:59,1
DA:61,1
DA:63,1
DA:64,1
DA:65,0
DA:70,0
DA:72,0
DA:74,0
DA:75,0
DA:76,0
DA:77,0
DA:78,0
DA:79,0
DA:80,0
DA:81,0
DA:84,0
DA:85,0
DA:86,0
DA:87,0
DA:88,0
DA:89,0
DA:90,0
DA:91,0
DA:93,0
DA:97,0
DA:100,0
DA:101,0
DA:108,0
DA:112,0
DA:121,0
DA:122,0
DA:131,0
DA:135,0
DA:137,0
DA:141,0
DA:142,0
DA:144,0
DA:145,0
DA:148,0
DA:149,0
DA:150,0
DA:156,0
DA:161,0
DA:163,0
DA:164,0
DA:165,0
DA:166,0
DA:167,0
DA:168,0
DA:170,0
DA:177,0
DA:178,0
DA:179,0
DA:180,0
DA:181,0
DA:183,0
DA:189,0
DA:190,0
DA:198,0
DA:202,0
DA:207,0
DA:208,0
DA:209,0
DA:210,0
DA:214,0
DA:215,0
DA:216,0
DA:218,0
DA:219,0
DA:220,0
DA:222,0
DA:223,0
DA:225,0
DA:232,0
DA:233,0
DA:234,0
DA:235,0
DA:239,0
DA:240,0
DA:241,0
DA:246,0
DA:248,0
DA:255,0
DA:258,0
DA:259,0
DA:261,0
DA:262,0
DA:263,0
DA:265,0
DA:266,0
DA:268,0
DA:274,0
DA:275,0
DA:282,0
DA:286,0
DA:297,0
DA:298,0
DA:300,0
DA:306,0
DA:314,0
DA:316,0
DA:318,0
DA:319,0
DA:321,0
DA:326,0
DA:335,0
DA:338,0
DA:339,0
DA:340,0
DA:341,0
DA:343,0
DA:344,0
DA:345,0
DA:349,0
DA:352,0
DA:353,0
DA:354,0
DA:355,0
DA:358,0
DA:359,0
DA:362,0
DA:366,0
DA:367,0
DA:368,0
DA:370,0
DA:377,0
DA:378,0
DA:379,0
DA:381,0
DA:388,0
DA:389,0
DA:391,0
LF:134
LH:6
BRDA:108,0,0,0
BRDA:108,0,1,0
BRDA:109,1,0,0
BRDA:109,1,1,0
BRDA:109,2,0,0
BRDA:109,2,1,0
BRDA:109,3,0,0
BRDA:109,3,1,0
BRDA:109,4,0,0
BRDA:109,4,1,0
BRDA:109,5,0,0
BRDA:109,5,1,0
BRDA:109,6,0,0
BRDA:109,6,1,0
BRDA:110,7,0,0
BRDA:110,7,1,0
BRDA:109,8,0,0
BRDA:109,8,1,0
BRDA:110,9,0,0
BRDA:110,9,1,0
BRDA:109,10,0,0
BRDA:109,10,1,0
BRDA:110,11,0,0
BRDA:110,11,1,0
BRDA:109,12,0,0
BRDA:109,12,1,0
BRDA:122,13,0,0
BRDA:122,13,1,0
BRDA:130,14,0,0
BRDA:130,14,1,0
BRDA:124,15,0,0
BRDA:124,15,1,0
BRDA:127,16,0,0
BRDA:127,16,1,0
BRDA:126,17,0,0
BRDA:126,17,1,0
BRDA:131,18,0,0
BRDA:131,18,1,0
BRDA:135,19,0,0
BRDA:135,19,1,0
BRDA:141,20,0,0
BRDA:141,20,1,0
BRDA:141,21,0,0
BRDA:141,21,1,0
BRDA:144,22,0,0
BRDA:144,22,1,0
BRDA:151,23,0,0
BRDA:151,23,1,0
BRDA:151,24,0,0
BRDA:151,24,1,0
BRDA:151,25,0,0
BRDA:151,25,1,0
BRDA:151,26,0,0
BRDA:151,26,1,0
BRDA:151,27,0,0
BRDA:151,27,1,0
BRDA:163,28,0,0
BRDA:163,28,1,0
BRDA:165,29,0,0
BRDA:165,29,1,0
BRDA:165,30,0,0
BRDA:165,30,1,0
BRDA:167,31,0,0
BRDA:167,31,1,0
BRDA:167,32,0,0
BRDA:167,32,1,0
BRDA:177,33,0,0
BRDA:177,33,1,0
BRDA:181,34,0,0
BRDA:181,34,1,0
BRDA:189,35,0,0
BRDA:189,35,1,0
BRDA:191,36,0,0
BRDA:191,36,1,0
BRDA:193,37,0,0
BRDA:193,37,1,0
BRDA:195,38,0,0
BRDA:195,38,1,0
BRDA:199,39,0,0
BRDA:199,39,1,0
BRDA:207,40,0,0
BRDA:207,40,1,0
BRDA:216,41,0,0
BRDA:216,41,1,0
BRDA:216,42,0,0
BRDA:216,42,1,0
BRDA:232,43,0,0
BRDA:232,43,1,0
BRDA:233,44,0,0
BRDA:233,44,1,0
BRDA:233,45,0,0
BRDA:233,45,1,0
BRDA:233,46,0,0
BRDA:233,46,1,0
BRDA:233,47,0,0
BRDA:233,47,1,0
BRDA:236,48,0,0
BRDA:236,48,1,0
BRDA:236,49,0,0
BRDA:236,49,1,0
BRDA:236,50,0,0
BRDA:236,50,1,0
BRDA:236,51,0,0
BRDA:236,51,1,0
BRDA:240,52,0,0
BRDA:240,52,1,0
BRDA:240,53,0,0
BRDA:240,53,1,0
BRDA:240,54,0,0
BRDA:240,54,1,0
BRDA:240,55,0,0
BRDA:240,55,1,0
BRDA:243,56,0,0
BRDA:243,56,1,0
BRDA:242,57,0,0
BRDA:242,57,1,0
BRDA:246,58,0,0
BRDA:246,58,1,0
BRDA:246,59,0,0
BRDA:246,59,1,0
BRDA:246,60,0,0
BRDA:246,60,1,0
BRDA:246,61,0,0
BRDA:246,61,1,0
BRDA:246,62,0,0
BRDA:246,62,1,0
BRDA:249,63,0,0
BRDA:249,63,1,0
BRDA:248,64,0,0
BRDA:248,64,1,0
BRDA:249,65,0,0
BRDA:249,65,1,0
BRDA:248,66,0,0
BRDA:248,66,1,0
BRDA:250,67,0,0
BRDA:250,67,1,0
BRDA:249,68,0,0
BRDA:249,68,1,0
BRDA:259,69,0,0
BRDA:259,69,1,0
BRDA:259,70,0,0
BRDA:259,70,1,0
BRDA:302,71,0,0
BRDA:302,71,1,0
BRDA:301,72,0,0
BRDA:301,72,1,0
BRDA:307,73,0,0
BRDA:307,73,1,0
BRDA:306,74,0,0
BRDA:306,74,1,0
BRDA:307,75,0,0
BRDA:307,75,1,0
BRDA:306,76,0,0
BRDA:306,76,1,0
BRDA:308,77,0,0
BRDA:308,77,1,0
BRDA:307,78,0,0
BRDA:307,78,1,0
BRDA:327,79,0,0
BRDA:327,79,1,0
BRDA:326,80,0,0
BRDA:326,80,1,0
BRDA:330,81,0,0
BRDA:330,81,1,0
BRDA:330,82,0,0
BRDA:330,82,1,0
BRDA:336,83,0,0
BRDA:336,83,1,0
BRDA:335,84,0,0
BRDA:335,84,1,0
BRDA:335,85,0,0
BRDA:335,85,1,0
BRDA:335,86,0,0
BRDA:335,86,1,0
BRDA:335,87,0,0
BRDA:335,87,1,0
BRDA:338,88,0,0
BRDA:338,88,1,0
BRDA:338,89,0,0
BRDA:338,89,1,0
BRDA:338,90,0,0
BRDA:338,90,1,0
BRDA:338,91,0,0
BRDA:338,91,1,0
BRDA:338,92,0,0
BRDA:338,92,1,0
BRDA:338,93,0,0
BRDA:338,93,1,0
BRDA:339,94,0,0
BRDA:339,94,1,0
BRDA:343,95,0,0
BRDA:343,95,1,0
BRDA:343,96,0,0
BRDA:343,96,1,0
BRDA:343,97,0,0
BRDA:343,97,1,0
BRDA:343,98,0,0
BRDA:343,98,1,0
BRDA:343,99,0,0
BRDA:343,99,1,0
BRDA:350,100,0,0
BRDA:350,100,1,0
BRDA:349,101,0,0
BRDA:349,101,1,0
BRDA:349,102,0,0
BRDA:349,102,1,0
BRDA:349,103,0,0
BRDA:349,103,1,0
BRDA:349,104,0,0
BRDA:349,104,1,0
BRDA:352,105,0,0
BRDA:352,105,1,0
BRDA:352,106,0,0
BRDA:352,106,1,0
BRDA:352,107,0,0
BRDA:352,107,1,0
BRDA:352,108,0,0
BRDA:352,108,1,0
BRDA:352,109,0,0
BRDA:352,109,1,0
BRDA:352,110,0,0
BRDA:352,110,1,0
BRDA:353,111,0,0
BRDA:353,111,1,0
BRDA:358,112,0,0
BRDA:358,112,1,0
BRDA:358,113,0,0
BRDA:358,113,1,0
BRDA:358,114,0,0
BRDA:358,114,1,0
BRDA:358,115,0,0
BRDA:358,115,1,0
BRDA:358,116,0,0
BRDA:358,116,1,0
BRDA:367,117,0,0
BRDA:367,117,1,0
BRDA:367,118,0,0
BRDA:367,118,1,0
BRDA:368,119,0,0
BRDA:368,119,1,0
BRDA:368,120,0,0
BRDA:368,120,1,0
BRDA:378,121,0,0
BRDA:378,121,1,0
BRDA:378,122,0,0
BRDA:378,122,1,0
BRDA:379,123,0,0
BRDA:379,123,1,0
BRDA:379,124,0,0
BRDA:379,124,1,0
BRDA:388,125,0,0
BRDA:388,125,1,0
BRDA:389,126,0,0
BRDA:389,126,1,0
BRDA:389,127,0,0
BRDA:389,127,1,0
BRDA:389,128,0,0
BRDA:389,128,1,0
BRDA:389,129,0,0
BRDA:389,129,1,0
BRDA:389,130,0,0
BRDA:389,130,1,0
BRDA:389,131,0,0
BRDA:389,131,1,0
BRDA:391,132,0,0
BRDA:391,132,1,0
BRDA:391,133,0,0
BRDA:391,133,1,0
BRDA:391,134,0,0
BRDA:391,134,1,0
BRDA:391,135,0,0
BRDA:391,135,1,0
BRDA:391,136,0,0
BRDA:391,136,1,0
BRDA:391,137,0,0
BRDA:391,137,1,0
BRF:276
BRH:0
end_of_record
TN:
SF:C:/HeadStart/OC-Headstart.RyanLauer/src/UI/seller/src/app/suppliers/components/suppliers/supplier-table/supplier-table.component.ts
FN:51,createSupplierForm
FN:134,(anonymous_1)
FN:158,(anonymous_2)
FN:162,(anonymous_3)
FN:166,(anonymous_5)
FN:169,(anonymous_7)
FN:174,(anonymous_8)
FNF:7
FNH:4
FNDA:1,createSupplierForm
FNDA:1,(anonymous_1)
FNDA:0,(anonymous_2)
FNDA:1,(anonymous_3)
FNDA:1,(anonymous_5)
FNDA:0,(anonymous_7)
FNDA:0,(anonymous_8)
DA:52,1
DA:131,1
DA:135,1
DA:140,1
DA:141,1
DA:142,1
DA:143,1
DA:144,1
DA:146,1
DA:154,1
DA:155,1
DA:159,0
DA:163,1
DA:167,1
DA:168,1
DA:169,0
DA:171,1
DA:175,0
DA:176,0
DA:178,0
DA:181,0
DA:183,0
DA:184,0
DA:190,0
DA:194,0
DA:204,0
DA:207,0
DA:212,0
DA:215,0
DA:216,0
DA:218,0
DA:219,0
LF:32
LH:15
BRDA:55,0,0,1
BRDA:55,0,1,0
BRDA:65,1,0,1
BRDA:65,1,1,0
BRDA:65,1,2,1
BRDA:70,2,0,1
BRDA:70,2,1,0
BRDA:70,2,2,1
BRDA:76,3,0,1
BRDA:76,3,1,0
BRDA:76,3,2,1
BRDA:85,4,0,1
BRDA:85,4,1,1
BRDA:85,5,0,1
BRDA:85,5,1,0
BRDA:85,6,0,1
BRDA:85,6,1,1
BRDA:91,7,0,1
BRDA:91,7,1,0
BRDA:98,8,0,1
BRDA:98,8,1,1
BRDA:98,9,0,1
BRDA:98,9,1,0
BRDA:98,10,0,1
BRDA:98,10,1,1
BRDA:98,11,0,1
BRDA:98,11,1,0
BRDA:98,12,0,1
BRDA:98,12,1,1
BRDA:102,13,0,1
BRDA:102,13,1,1
BRDA:102,14,0,1
BRDA:102,14,1,0
BRDA:102,15,0,1
BRDA:102,15,1,1
BRDA:102,16,0,1
BRDA:102,16,1,0
BRDA:102,17,0,1
BRDA:102,17,1,1
BRDA:106,18,0,1
BRDA:106,18,1,1
BRDA:106,19,0,1
BRDA:106,19,1,0
BRDA:106,20,0,1
BRDA:106,20,1,1
BRDA:106,21,0,1
BRDA:106,21,1,0
BRDA:106,22,0,1
BRDA:106,22,1,1
BRDA:113,23,0,1
BRDA:113,23,1,0
BRDA:113,24,0,1
BRDA:113,24,1,1
BRDA:115,25,0,1
BRDA:115,25,1,0
BRDA:115,26,0,1
BRDA:115,26,1,1
BRDA:181,27,0,0
BRDA:181,27,1,0
BRF:59
BRH:43
end_of_record
TN:
SF:C:/HeadStart/OC-Headstart.RyanLauer/src/UI/seller/src/app/suppliers/components/users/supplier-user.service.ts
FN:31,(anonymous_0)
FN:49,(anonymous_1)
FN:54,(anonymous_3)
FN:57,(anonymous_4)
FN:63,(anonymous_5)
FN:75,(anonymous_6)
FN:88,(anonymous_7)
FN:97,(anonymous_9)
FNF:8
FNH:0
FNDA:0,(anonymous_0)
FNDA:0,(anonymous_1)
FNDA:0,(anonymous_3)
FNDA:0,(anonymous_4)
FNDA:0,(anonymous_5)
FNDA:0,(anonymous_6)
FNDA:0,(anonymous_7)
FNDA:0,(anonymous_9)
DA:22,1
DA:23,0
DA:34,0
DA:35,0
DA:37,0
DA:54,0
DA:55,0
DA:57,0
DA:58,0
DA:60,0
DA:67,0
DA:79,0
DA:92,0
DA:101,0
LF:14
LH:1
BRF:0
BRH:0
end_of_record
TN:
SF:C:/HeadStart/OC-Headstart.RyanLauer/src/UI/seller/src/app/suppliers/components/users/supplier-user-table/supplier-user-table.component.ts
FN:18,(anonymous_0)
FN:36,(anonymous_1)
FN:40,(anonymous_2)
FN:47,(anonymous_4)
FN:58,(anonymous_5)
FN:65,(anonymous_7)
FN:75,(anonymous_8)
FNF:7
FNH:1
FNDA:1,(anonymous_0)
FNDA:0,(anonymous_1)
FNDA:0,(anonymous_2)
FNDA:0,(anonymous_4)
FNDA:0,(anonymous_5)
FNDA:0,(anonymous_7)
FNDA:0,(anonymous_8)
DA:16,1
DA:17,1
DA:19,1
DA:20,1
DA:21,1
DA:27,1
DA:37,0
DA:41,0
DA:42,0
DA:43,0
DA:46,0
DA:47,0
DA:49,0
DA:50,0
DA:51,0
DA:53,0
DA:54,0
DA:59,0
DA:60,0
DA:63,0
DA:64,0
DA:65,0
DA:67,0
DA:71,0
DA:72,0
DA:76,0
DA:77,0
LF:27
LH:6
BRDA:63,0,0,0
BRDA:63,0,1,0
BRDA:63,1,0,0
BRDA:63,1,1,0
BRDA:63,2,0,0
BRDA:63,2,1,0
BRDA:63,3,0,0
BRDA:63,3,1,0
BRDA:63,4,0,0
BRDA:63,4,1,0
BRDA:63,5,0,0
BRDA:63,5,1,0
BRDA:63,6,0,0
BRDA:63,6,1,0
BRDA:65,7,0,0
BRDA:65,7,1,0
BRDA:65,8,0,0
BRDA:65,8,1,0
BRF:18
BRH:0
end_of_record
TN:
SF:C:/HeadStart/OC-Headstart.RyanLauer/src/UI/seller/src/app/validators/validators.ts
FN:35,ValidateName
FN:46,ValidatePhone
FN:57,ValidateEmail
FN:69,ValidateDate
FN:79,ValidateCAZip
FN:91,ValidateUSZip
FN:102,ValidateStrongPassword
FN:117,ValidateFieldMatches
FN:118,(anonymous_8)
FN:132,(anonymous_9)
FN:160,DateValidator
FN:180,ValidateRichTextDescription
FN:188,ValidateSupplierCategorySelection
FN:198,RequireCheckboxesToBeChecked
FN:199,validate
FN:202,(anonymous_15)
FNF:16
FNH:6
FNDA:0,ValidateName
FNDA:0,ValidatePhone
FNDA:1,ValidateEmail
FNDA:0,ValidateDate
FNDA:0,ValidateCAZip
FNDA:0,ValidateUSZip
FNDA:10,ValidateStrongPassword
FNDA:4,ValidateFieldMatches
FNDA:10,(anonymous_8)
FNDA:0,(anonymous_9)
FNDA:0,DateValidator
FNDA:1,ValidateRichTextDescription
FNDA:0,ValidateSupplierCategorySelection
FNDA:1,RequireCheckboxesToBeChecked
FNDA:0,validate
FNDA:0,(anonymous_15)
DA:13,1
DA:38,0
DA:39,0
DA:40,0
DA:42,0
DA:49,0
DA:50,0
DA:51,0
DA:53,0
DA:61,1
DA:62,1
DA:63,1
DA:65,0
DA:72,0
DA:73,0
DA:74,0
DA:76,0
DA:82,0
DA:85,0
DA:86,0
DA:88,0
DA:94,0
DA:95,0
DA:96,0
DA:98,0
DA:105,10
DA:106,10
DA:107,10
DA:108,10
DA:109,10
DA:111,0
DA:112,0
DA:114,0
DA:118,4
DA:119,10
DA:120,6
DA:122,6
DA:123,6
DA:125,0
DA:126,0
DA:128,0
DA:132,1
DA:135,0
DA:136,0
DA:137,0
DA:138,0
DA:139,0
DA:140,0
DA:142,0
DA:143,0
DA:144,0
DA:146,0
DA:147,0
DA:148,0
DA:149,0
DA:150,0
DA:152,0
DA:164,0
DA:165,0
DA:168,0
DA:174,0
DA:177,0
DA:183,1
DA:192,0
DA:195,0
DA:199,1
DA:200,0
DA:202,0
DA:203,0
DA:205,0
DA:206,0
DA:209,0
LF:72
LH:17
BRDA:39,0,0,0
BRDA:39,0,1,0
BRDA:39,1,0,0
BRDA:39,1,1,0
BRDA:50,2,0,0
BRDA:50,2,1,0
BRDA:50,3,0,0
BRDA:50,3,1,0
BRDA:62,4,0,1
BRDA:62,4,1,0
BRDA:62,5,0,1
BRDA:62,5,1,0
BRDA:73,6,0,0
BRDA:73,6,1,0
BRDA:73,7,0,0
BRDA:73,7,1,0
BRDA:85,8,0,0
BRDA:85,8,1,0
BRDA:85,9,0,0
BRDA:85,9,1,0
BRDA:95,10,0,0
BRDA:95,10,1,0
BRDA:95,11,0,0
BRDA:95,11,1,0
BRDA:107,12,0,10
BRDA:107,12,1,0
BRDA:108,13,0,10
BRDA:108,13,1,0
BRDA:111,14,0,0
BRDA:111,14,1,0
BRDA:111,15,0,0
BRDA:111,15,1,0
BRDA:111,15,2,0
BRDA:119,16,0,4
BRDA:119,16,1,6
BRDA:122,17,0,6
BRDA:122,17,1,0
BRDA:122,18,0,6
BRDA:122,18,1,0
BRDA:125,19,0,0
BRDA:125,19,1,0
BRDA:137,20,0,0
BRDA:137,20,1,0
BRDA:138,21,0,0
BRDA:138,21,1,0
BRDA:142,22,0,0
BRDA:142,22,1,0
BRDA:147,23,0,0
BRDA:147,23,1,0
BRDA:147,24,0,0
BRDA:147,24,1,0
BRDA:164,25,0,0
BRDA:164,25,1,0
BRDA:164,26,0,0
BRDA:164,26,1,0
BRDA:168,27,0,0
BRDA:168,27,1,0
BRDA:170,28,0,0
BRDA:170,28,1,0
BRDA:184,29,0,0
BRDA:184,29,1,1
BRDA:183,30,0,1
BRDA:183,30,1,0
BRDA:192,31,0,0
BRDA:192,31,1,0
BRDA:192,31,2,0
BRDA:192,32,0,0
BRDA:192,32,1,0
BRDA:192,33,0,0
BRDA:192,33,1,0
BRDA:195,34,0,0
BRDA:195,34,1,0
BRDA:198,35,0,1
BRDA:205,36,0,0
BRDA:205,36,1,0
BRDA:209,37,0,0
BRDA:209,37,1,0
BRF:77
BRH:11
end_of_record
TN:
SF:C:/HeadStart/OC-Headstart.RyanLauer/src/UI/seller/src/environments/environment.ts
FNF:0
FNH:0
DA:4,1
DA:6,1
DA:8,1
DA:10,1
DA:12,1
DA:22,1
DA:24,1
DA:30,1
DA:31,1
DA:32,1
DA:36,1
DA:160,1
LF:12
LH:12
BRDA:43,0,0,0
BRDA:43,0,1,1
BRDA:77,1,0,0
BRDA:77,1,1,1
BRDA:99,2,0,0
BRDA:99,2,1,1
BRDA:121,3,0,0
BRDA:121,3,1,1
BRDA:143,4,0,0
BRDA:143,4,1,1
BRF:10
BRH:5
end_of_record
